[0.011s] Invoking command in '/home/spaaaaace/Code/ArUco/build/ArUco': CMAKE_PREFIX_PATH=${CMAKE_PREFIX_PATH}:/opt/ros/humble CONDA_PROMPT_MODIFIER=(vision) /usr/local/bin/cmake --build /home/spaaaaace/Code/ArUco/build/ArUco -- -j22 -l22
[0.038s] [ 50%] [32mBuilding CXX object CMakeFiles/ArUco.dir/src/ArUco.cpp.o[0m
[1.909s] [01m[K/home/spaaaaace/Code/ArUco/src/aruco/src/ArUco.cpp:[m[K In function â€˜[01m[Kvoid draw_aruco_target(std::vector<int>, std::vector<std::vector<cv::Point_<float> > >, cv::Mat&)[m[Kâ€™:
[1.909s] [01m[K/home/spaaaaace/Code/ArUco/src/aruco/src/ArUco.cpp:20:27:[m[K [01;35m[Kwarning: [m[Kcomparison of integer expressions of different signedness: â€˜[01m[Kint[m[Kâ€™ and â€˜[01m[Kstd::vector<std::vector<cv::Point_<float> > >::size_type[m[Kâ€™ {aka â€˜[01m[Klong unsigned int[m[Kâ€™} [[01;35m[K]8;;https://gcc.gnu.org/onlinedocs/gcc/Warning-Options.html#index-Wsign-compare-Wsign-compare]8;;[m[K]
[1.909s]    20 |         for (int i = 0; [01;35m[Ki < markerCorners.size()[m[K; i++) {
[1.909s]       |                         [01;35m[K~~^~~~~~~~~~~~~~~~~~~~~~[m[K
[1.910s] [01m[K/home/spaaaaace/Code/ArUco/src/aruco/src/ArUco.cpp:24:35:[m[K [01;35m[Kwarning: [m[Kcomparison of integer expressions of different signedness: â€˜[01m[Kint[m[Kâ€™ and â€˜[01m[Kstd::vector<cv::Point_<float> >::size_type[m[Kâ€™ {aka â€˜[01m[Klong unsigned int[m[Kâ€™} [[01;35m[K]8;;https://gcc.gnu.org/onlinedocs/gcc/Warning-Options.html#index-Wsign-compare-Wsign-compare]8;;[m[K]
[1.910s]    24 |                 for (int j = 0; [01;35m[Kj < markerCorners[i].size()[m[K; j++) {
[1.911s]       |                                 [01;35m[K~~^~~~~~~~~~~~~~~~~~~~~~~~~[m[K
[1.912s] [01m[K/home/spaaaaace/Code/ArUco/src/aruco/src/ArUco.cpp:[m[K In function â€˜[01m[Kbool solve_pnp(cv::Mat, cv::Mat, std::vector<cv::Point3_<float> >, const std::vector<std::vector<cv::Point_<float> > >&, std::vector<cv::Mat>&, std::vector<cv::Mat>&)[m[Kâ€™:
[1.912s] [01m[K/home/spaaaaace/Code/ArUco/src/aruco/src/ArUco.cpp:49:27:[m[K [01;35m[Kwarning: [m[Kcomparison of integer expressions of different signedness: â€˜[01m[Kint[m[Kâ€™ and â€˜[01m[Kstd::vector<std::vector<cv::Point_<float> > >::size_type[m[Kâ€™ {aka â€˜[01m[Klong unsigned int[m[Kâ€™} [[01;35m[K]8;;https://gcc.gnu.org/onlinedocs/gcc/Warning-Options.html#index-Wsign-compare-Wsign-compare]8;;[m[K]
[1.912s]    49 |         for (int i = 0; [01;35m[Ki < markerCorners.size()[m[K; i++) {
[1.912s]       |                         [01;35m[K~~^~~~~~~~~~~~~~~~~~~~~~[m[K
[1.951s] [01m[K/home/spaaaaace/Code/ArUco/src/aruco/src/ArUco.cpp:[m[K In member function â€˜[01m[Kvoid ArucoDetect::imageCallback(sensor_msgs::msg::Image_<std::allocator<void> >::SharedPtr)[m[Kâ€™:
[1.951s] [01m[K/home/spaaaaace/Code/ArUco/src/aruco/src/ArUco.cpp:77:33:[m[K [01;31m[Kerror: [m[Kâ€˜[01m[KMat[m[Kâ€™ was not declared in this scope; did you mean â€˜[01m[Kcv::Mat[m[Kâ€™?
[1.951s]    77 |                                 [01;31m[KMat[m[K frame = image_mat_.clone();
[1.951s]       |                                 [01;31m[K^~~[m[K
[1.951s]       |                                 [32m[Kcv::Mat[m[K
[1.952s] In file included from [01m[K/usr/local/include/opencv4/opencv2/core.hpp:58[m[K,
[1.952s]                  from [01m[K/usr/local/include/opencv4/opencv2/core/core.hpp:48[m[K,
[1.952s]                  from [01m[K/opt/ros/humble/include/cv_bridge/cv_bridge/cv_bridge.h:43[m[K,
[1.952s]                  from [01m[K/home/spaaaaace/Code/ArUco/src/aruco/src/ArUco.cpp:3[m[K:
[1.952s] [01m[K/usr/local/include/opencv4/opencv2/core/mat.hpp:811:18:[m[K [01;36m[Knote: [m[Kâ€˜[01m[Kcv::Mat[m[Kâ€™ declared here
[1.952s]   811 | class CV_EXPORTS [01;36m[KMat[m[K
[1.952s]       |                  [01;36m[K^~~[m[K
[3.731s] [01m[K/home/spaaaaace/Code/ArUco/src/aruco/src/ArUco.cpp:[m[K In function â€˜[01m[Kbool solve_pnp(cv::Mat, cv::Mat, std::vector<cv::Point3_<float> >, const std::vector<std::vector<cv::Point_<float> > >&, std::vector<cv::Mat>&, std::vector<cv::Mat>&)[m[Kâ€™:
[3.731s] [01m[K/home/spaaaaace/Code/ArUco/src/aruco/src/ArUco.cpp:59:1:[m[K [01;35m[Kwarning: [m[Kcontrol reaches end of non-void function [[01;35m[K]8;;https://gcc.gnu.org/onlinedocs/gcc/Warning-Options.html#index-Wreturn-type-Wreturn-type]8;;[m[K]
[3.731s]    59 | [01;35m[K}[m[K
[3.731s]       | [01;35m[K^[m[K
[3.905s] gmake[2]: *** [CMakeFiles/ArUco.dir/build.make:76ï¼šCMakeFiles/ArUco.dir/src/ArUco.cpp.o] é”™è¯¯ 1
[3.905s] gmake[1]: *** [CMakeFiles/Makefile2:137ï¼šCMakeFiles/ArUco.dir/all] é”™è¯¯ 2
[3.906s] gmake: *** [Makefile:146ï¼šall] é”™è¯¯ 2
[3.907s] Invoked command in '/home/spaaaaace/Code/ArUco/build/ArUco' returned '2': CMAKE_PREFIX_PATH=${CMAKE_PREFIX_PATH}:/opt/ros/humble CONDA_PROMPT_MODIFIER=(vision) /usr/local/bin/cmake --build /home/spaaaaace/Code/ArUco/build/ArUco -- -j22 -l22
