[0.013s] Invoking command in '/home/spaaaaace/Code/ArUco/build/ArUco': CMAKE_PREFIX_PATH=${CMAKE_PREFIX_PATH}:/opt/ros/humble CONDA_PROMPT_MODIFIER=(vision) /usr/local/bin/cmake --build /home/spaaaaace/Code/ArUco/build/ArUco -- -j22 -l22
[0.026s] -- Found ament_cmake: 1.3.11 (/opt/ros/humble/share/ament_cmake/cmake)
[0.088s] -- Found rclcpp: 16.0.10 (/opt/ros/humble/share/rclcpp/cmake)
[0.110s] -- Found rosidl_generator_c: 3.1.5 (/opt/ros/humble/share/rosidl_generator_c/cmake)
[0.111s] -- Found rosidl_adapter: 3.1.5 (/opt/ros/humble/share/rosidl_adapter/cmake)
[0.115s] -- Found rosidl_generator_cpp: 3.1.5 (/opt/ros/humble/share/rosidl_generator_cpp/cmake)
[0.122s] -- Using all available rosidl_typesupport_c: rosidl_typesupport_fastrtps_c;rosidl_typesupport_introspection_c
[0.131s] -- Using all available rosidl_typesupport_cpp: rosidl_typesupport_fastrtps_cpp;rosidl_typesupport_introspection_cpp
[0.155s] -- Found rmw_implementation_cmake: 6.1.2 (/opt/ros/humble/share/rmw_implementation_cmake/cmake)
[0.156s] -- Found rmw_fastrtps_cpp: 6.2.7 (/opt/ros/humble/share/rmw_fastrtps_cpp/cmake)
[0.232s] -- Using RMW implementation 'rmw_fastrtps_cpp' as default
[0.281s] -- Found sensor_msgs: 4.2.4 (/opt/ros/humble/share/sensor_msgs/cmake)
[0.309s] -- Found cv_bridge: 3.2.1 (/opt/ros/humble/share/cv_bridge/cmake)
[0.319s] -- Found tf2: 0.25.12 (/opt/ros/humble/share/tf2/cmake)
[0.328s] -- Found tf2_ros: 0.25.12 (/opt/ros/humble/share/tf2_ros/cmake)
[0.414s] -- Found tf2_geometry_msgs: 0.25.8 (/opt/ros/humble/share/tf2_geometry_msgs/cmake)
[0.423s] -- Found eigen3_cmake_module: 0.1.1 (/opt/ros/humble/share/eigen3_cmake_module/cmake)
[0.424s] -- Found Eigen3: TRUE (found version "3.4.0") 
[0.424s] -- Ensuring Eigen3 include directory is part of orocos-kdl CMake target
[0.425s] -- Found ament_lint_auto: 0.12.11 (/opt/ros/humble/share/ament_lint_auto/cmake)
[0.469s] WARNING: Package name "ArUco" does not follow the naming conventions. It should start with a lower case letter and only contain lower case letters, digits, underscores, and dashes.
[0.487s] -- Added test 'cppcheck' to perform static code analysis on C / C++ code
[0.488s] -- Configured cppcheck include dirs: 
[0.488s] -- Configured cppcheck exclude dirs and/or files: 
[0.488s] -- Added test 'lint_cmake' to check CMake code style
[0.488s] -- Added test 'uncrustify' to check C / C++ code style
[0.488s] -- Configured uncrustify additional arguments: 
[0.489s] -- Added test 'xmllint' to check XML markup files
[0.489s] -- Configuring done (0.5s)
[0.499s] -- Generating done (0.0s)
[0.500s] -- Build files have been written to: /home/spaaaaace/Code/ArUco/build/ArUco
[0.524s] [ 50%] [32mBuilding CXX object CMakeFiles/ArUco.dir/src/ArUco.cpp.o[0m
[2.391s] [01m[K/home/spaaaaace/Code/ArUco/src/aruco/src/ArUco.cpp:[m[K In function â€˜[01m[Kvoid draw_aruco_target(std::vector<int>, std::vector<std::vector<cv::Point_<float> > >, cv::Mat&)[m[Kâ€™:
[2.391s] [01m[K/home/spaaaaace/Code/ArUco/src/aruco/src/ArUco.cpp:24:27:[m[K [01;35m[Kwarning: [m[Kcomparison of integer expressions of different signedness: â€˜[01m[Kint[m[Kâ€™ and â€˜[01m[Kstd::vector<std::vector<cv::Point_<float> > >::size_type[m[Kâ€™ {aka â€˜[01m[Klong unsigned int[m[Kâ€™} [[01;35m[K]8;;https://gcc.gnu.org/onlinedocs/gcc/Warning-Options.html#index-Wsign-compare-Wsign-compare]8;;[m[K]
[2.391s]    24 |         for (int i = 0; [01;35m[Ki < markerCorners.size()[m[K; i++) {
[2.391s]       |                         [01;35m[K~~^~~~~~~~~~~~~~~~~~~~~~[m[K
[2.392s] [01m[K/home/spaaaaace/Code/ArUco/src/aruco/src/ArUco.cpp:28:35:[m[K [01;35m[Kwarning: [m[Kcomparison of integer expressions of different signedness: â€˜[01m[Kint[m[Kâ€™ and â€˜[01m[Kstd::vector<cv::Point_<float> >::size_type[m[Kâ€™ {aka â€˜[01m[Klong unsigned int[m[Kâ€™} [[01;35m[K]8;;https://gcc.gnu.org/onlinedocs/gcc/Warning-Options.html#index-Wsign-compare-Wsign-compare]8;;[m[K]
[2.392s]    28 |                 for (int j = 0; [01;35m[Kj < markerCorners[i].size()[m[K; j++) {
[2.392s]       |                                 [01;35m[K~~^~~~~~~~~~~~~~~~~~~~~~~~~[m[K
[2.394s] [01m[K/home/spaaaaace/Code/ArUco/src/aruco/src/ArUco.cpp:[m[K In function â€˜[01m[Kbool solve_pnp(cv::Mat, cv::Mat, std::vector<cv::Point3_<float> >, const std::vector<std::vector<cv::Point_<float> > >&, std::vector<cv::Mat>&, std::vector<cv::Mat>&)[m[Kâ€™:
[2.394s] [01m[K/home/spaaaaace/Code/ArUco/src/aruco/src/ArUco.cpp:53:27:[m[K [01;35m[Kwarning: [m[Kcomparison of integer expressions of different signedness: â€˜[01m[Kint[m[Kâ€™ and â€˜[01m[Kstd::vector<std::vector<cv::Point_<float> > >::size_type[m[Kâ€™ {aka â€˜[01m[Klong unsigned int[m[Kâ€™} [[01;35m[K]8;;https://gcc.gnu.org/onlinedocs/gcc/Warning-Options.html#index-Wsign-compare-Wsign-compare]8;;[m[K]
[2.394s]    53 |         for (int i = 0; [01;35m[Ki < markerCorners.size()[m[K; i++) {
[2.394s]       |                         [01;35m[K~~^~~~~~~~~~~~~~~~~~~~~~[m[K
[2.418s] [01m[K/home/spaaaaace/Code/ArUco/src/aruco/src/ArUco.cpp:[m[K At global scope:
[2.418s] [01m[K/home/spaaaaace/Code/ArUco/src/aruco/src/ArUco.cpp:166:1:[m[K [01;31m[Kerror: [m[Kexpected unqualified-id before â€˜[01m[K}[m[Kâ€™ token
[2.418s]   166 | [01;31m[K}[m[K;
[2.418s]       | [01;31m[K^[m[K
[2.434s] [01m[K/home/spaaaaace/Code/ArUco/src/aruco/src/ArUco.cpp:[m[K In member function â€˜[01m[Kvoid ArucoDetect::imageCallback(sensor_msgs::msg::Image_<std::allocator<void> >::SharedPtr)[m[Kâ€™:
[2.434s] [01m[K/home/spaaaaace/Code/ArUco/src/aruco/src/ArUco.cpp:146:51:[m[K [01;35m[Kwarning: [m[Kcomparison of integer expressions of different signedness: â€˜[01m[Kint[m[Kâ€™ and â€˜[01m[Kstd::vector<cv::Mat>::size_type[m[Kâ€™ {aka â€˜[01m[Klong unsigned int[m[Kâ€™} [[01;35m[K]8;;https://gcc.gnu.org/onlinedocs/gcc/Warning-Options.html#index-Wsign-compare-Wsign-compare]8;;[m[K]
[2.434s]   146 |                                 for (int i = 0; [01;35m[Ki < rvec.size()[m[K; i++) {
[2.434s]       |                                                 [01;35m[K~~^~~~~~~~~~~~~[m[K
[4.197s] [01m[K/home/spaaaaace/Code/ArUco/src/aruco/src/ArUco.cpp:[m[K In function â€˜[01m[Kbool solve_pnp(cv::Mat, cv::Mat, std::vector<cv::Point3_<float> >, const std::vector<std::vector<cv::Point_<float> > >&, std::vector<cv::Mat>&, std::vector<cv::Mat>&)[m[Kâ€™:
[4.198s] [01m[K/home/spaaaaace/Code/ArUco/src/aruco/src/ArUco.cpp:63:1:[m[K [01;35m[Kwarning: [m[Kcontrol reaches end of non-void function [[01;35m[K]8;;https://gcc.gnu.org/onlinedocs/gcc/Warning-Options.html#index-Wreturn-type-Wreturn-type]8;;[m[K]
[4.198s]    63 | [01;35m[K}[m[K
[4.198s]       | [01;35m[K^[m[K
[4.371s] gmake[2]: *** [CMakeFiles/ArUco.dir/build.make:76ï¼šCMakeFiles/ArUco.dir/src/ArUco.cpp.o] é”™è¯¯ 1
[4.371s] gmake[1]: *** [CMakeFiles/Makefile2:137ï¼šCMakeFiles/ArUco.dir/all] é”™è¯¯ 2
[4.371s] gmake: *** [Makefile:146ï¼šall] é”™è¯¯ 2
[4.374s] Invoked command in '/home/spaaaaace/Code/ArUco/build/ArUco' returned '2': CMAKE_PREFIX_PATH=${CMAKE_PREFIX_PATH}:/opt/ros/humble CONDA_PROMPT_MODIFIER=(vision) /usr/local/bin/cmake --build /home/spaaaaace/Code/ArUco/build/ArUco -- -j22 -l22
