/usr/bin/ld: warning: libopencv_imgproc.so.4.5d, needed by /opt/ros/humble/lib/libcv_bridge.so, may conflict with libopencv_imgproc.so.410
/usr/bin/ld: warning: libopencv_core.so.4.5d, needed by /opt/ros/humble/lib/libcv_bridge.so, may conflict with libopencv_core.so.410
/usr/bin/ld: CMakeFiles/ArUco.dir/src/ArUco.cpp.o: in function `ArucoDetect::ArucoDetect()':
ArUco.cpp:(.text._ZN11ArucoDetectC2Ev[_ZN11ArucoDetectC5Ev]+0x3d0): undefined reference to `EKF::EKF()'
/usr/bin/ld: CMakeFiles/ArUco.dir/src/ArUco.cpp.o: in function `ArucoDetect::imageCallback(std::shared_ptr<sensor_msgs::msg::Image_<std::allocator<void> > >)':
ArUco.cpp:(.text._ZN11ArucoDetect13imageCallbackESt10shared_ptrIN11sensor_msgs3msg6Image_ISaIvEEEE[_ZN11ArucoDetect13imageCallbackESt10shared_ptrIN11sensor_msgs3msg6Image_ISaIvEEEE]+0x95e): undefined reference to `EKF::init(double, double, int, int)'
/usr/bin/ld: ArUco.cpp:(.text._ZN11ArucoDetect13imageCallbackESt10shared_ptrIN11sensor_msgs3msg6Image_ISaIvEEEE[_ZN11ArucoDetect13imageCallbackESt10shared_ptrIN11sensor_msgs3msg6Image_ISaIvEEEE]+0x9a5): undefined reference to `EKF::update_EKF(cv::Mat&, double)'
/usr/bin/ld: ArUco.cpp:(.text._ZN11ArucoDetect13imageCallbackESt10shared_ptrIN11sensor_msgs3msg6Image_ISaIvEEEE[_ZN11ArucoDetect13imageCallbackESt10shared_ptrIN11sensor_msgs3msg6Image_ISaIvEEEE]+0x9c5): undefined reference to `EKF::get_pre()'
/usr/bin/ld: ArUco.cpp:(.text._ZN11ArucoDetect13imageCallbackESt10shared_ptrIN11sensor_msgs3msg6Image_ISaIvEEEE[_ZN11ArucoDetect13imageCallbackESt10shared_ptrIN11sensor_msgs3msg6Image_ISaIvEEEE]+0xa06): undefined reference to `EKF::get_future_mat(double)'
/usr/bin/ld: ArUco.cpp:(.text._ZN11ArucoDetect13imageCallbackESt10shared_ptrIN11sensor_msgs3msg6Image_ISaIvEEEE[_ZN11ArucoDetect13imageCallbackESt10shared_ptrIN11sensor_msgs3msg6Image_ISaIvEEEE]+0xa3d): undefined reference to `EKF::get_future_point(double)'
collect2: error: ld returned 1 exit status
gmake[2]: *** [CMakeFiles/ArUco.dir/build.make:221：ArUco] 错误 1
gmake[1]: *** [CMakeFiles/Makefile2:137：CMakeFiles/ArUco.dir/all] 错误 2
gmake: *** [Makefile:146：all] 错误 2
