[0.014s] Invoking command in '/home/spaaaaace/Code/ArUco/build/ArUco': CMAKE_PREFIX_PATH=${CMAKE_PREFIX_PATH}:/opt/ros/humble CONDA_PROMPT_MODIFIER=(vision) /usr/local/bin/cmake --build /home/spaaaaace/Code/ArUco/build/ArUco -- -j22 -l22
[0.045s] [ 50%] [32mBuilding CXX object CMakeFiles/ArUco.dir/src/ArUco.cpp.o[0m
[2.406s] [01m[K/home/spaaaaace/Code/ArUco/src/aruco/src/ArUco.cpp:[m[K In function â€˜[01m[Kvoid draw_aruco_target(std::vector<int>, std::vector<std::vector<cv::Point_<float> > >, cv::Mat&)[m[Kâ€™:
[2.406s] [01m[K/home/spaaaaace/Code/ArUco/src/aruco/src/ArUco.cpp:20:27:[m[K [01;35m[Kwarning: [m[Kcomparison of integer expressions of different signedness: â€˜[01m[Kint[m[Kâ€™ and â€˜[01m[Kstd::vector<std::vector<cv::Point_<float> > >::size_type[m[Kâ€™ {aka â€˜[01m[Klong unsigned int[m[Kâ€™} [[01;35m[K]8;;https://gcc.gnu.org/onlinedocs/gcc/Warning-Options.html#index-Wsign-compare-Wsign-compare]8;;[m[K]
[2.406s]    20 |         for (int i = 0; [01;35m[Ki < markerCorners.size()[m[K; i++) {
[2.406s]       |                         [01;35m[K~~^~~~~~~~~~~~~~~~~~~~~~[m[K
[2.407s] [01m[K/home/spaaaaace/Code/ArUco/src/aruco/src/ArUco.cpp:24:35:[m[K [01;35m[Kwarning: [m[Kcomparison of integer expressions of different signedness: â€˜[01m[Kint[m[Kâ€™ and â€˜[01m[Kstd::vector<cv::Point_<float> >::size_type[m[Kâ€™ {aka â€˜[01m[Klong unsigned int[m[Kâ€™} [[01;35m[K]8;;https://gcc.gnu.org/onlinedocs/gcc/Warning-Options.html#index-Wsign-compare-Wsign-compare]8;;[m[K]
[2.408s]    24 |                 for (int j = 0; [01;35m[Kj < markerCorners[i].size()[m[K; j++) {
[2.408s]       |                                 [01;35m[K~~^~~~~~~~~~~~~~~~~~~~~~~~~[m[K
[2.409s] [01m[K/home/spaaaaace/Code/ArUco/src/aruco/src/ArUco.cpp:[m[K In function â€˜[01m[Kbool solve_pnp(cv::Mat, cv::Mat, std::vector<cv::Point3_<float> >, const std::vector<std::vector<cv::Point_<float> > >&, std::vector<cv::Mat>&, std::vector<cv::Mat>&)[m[Kâ€™:
[2.409s] [01m[K/home/spaaaaace/Code/ArUco/src/aruco/src/ArUco.cpp:49:27:[m[K [01;35m[Kwarning: [m[Kcomparison of integer expressions of different signedness: â€˜[01m[Kint[m[Kâ€™ and â€˜[01m[Kstd::vector<std::vector<cv::Point_<float> > >::size_type[m[Kâ€™ {aka â€˜[01m[Klong unsigned int[m[Kâ€™} [[01;35m[K]8;;https://gcc.gnu.org/onlinedocs/gcc/Warning-Options.html#index-Wsign-compare-Wsign-compare]8;;[m[K]
[2.409s]    49 |         for (int i = 0; [01;35m[Ki < markerCorners.size()[m[K; i++) {
[2.410s]       |                         [01;35m[K~~^~~~~~~~~~~~~~~~~~~~~~[m[K
[2.438s] [01m[K/home/spaaaaace/Code/ArUco/src/aruco/src/ArUco.cpp:[m[K At global scope:
[2.438s] [01m[K/home/spaaaaace/Code/ArUco/src/aruco/src/ArUco.cpp:89:2:[m[K [01;31m[Kerror: [m[Kexpected â€˜[01m[K;[m[Kâ€™ after class definition
[2.439s]    89 | }
[2.439s]       |  [01;31m[K^[m[K
[2.439s]       |  [32m[K;[m[K
[2.439s] [01m[K/home/spaaaaace/Code/ArUco/src/aruco/src/ArUco.cpp:[m[K In constructor â€˜[01m[KArucoDetect::ArucoDetect()[m[Kâ€™:
[2.439s] [01m[K/home/spaaaaace/Code/ArUco/src/aruco/src/ArUco.cpp:63:22:[m[K [01;31m[Kerror: [m[Kno matching function for call to â€˜[01m[Krclcpp::Node::Node()[m[Kâ€™
[2.439s]    63 |         ArucoDetect()[01;31m[K{[m[K
[2.439s]       |                      [01;31m[K^[m[K
[2.439s] In file included from [01m[K/opt/ros/humble/include/rclcpp/rclcpp/executors/single_threaded_executor.hpp:28[m[K,
[2.439s]                  from [01m[K/opt/ros/humble/include/rclcpp/rclcpp/executors.hpp:22[m[K,
[2.439s]                  from [01m[K/opt/ros/humble/include/rclcpp/rclcpp/rclcpp.hpp:155[m[K,
[2.439s]                  from [01m[K/home/spaaaaace/Code/ArUco/src/aruco/src/ArUco.cpp:1[m[K:
[2.439s] [01m[K/opt/ros/humble/include/rclcpp/rclcpp/node.hpp:1294:3:[m[K [01;36m[Knote: [m[Kcandidate: â€˜[01m[Krclcpp::Node::Node(const rclcpp::Node&, const string&)[m[Kâ€™
[2.439s]  1294 |   [01;36m[KNode[m[K(
[2.440s]       |   [01;36m[K^~~~[m[K
[2.440s] [01m[K/opt/ros/humble/include/rclcpp/rclcpp/node.hpp:1294:3:[m[K [01;36m[Knote: [m[K  candidate expects 2 arguments, 0 provided
[2.440s] [01m[K/opt/ros/humble/include/rclcpp/rclcpp/node.hpp:101:12:[m[K [01;36m[Knote: [m[Kcandidate: â€˜[01m[Krclcpp::Node::Node(const string&, const string&, const rclcpp::NodeOptions&)[m[Kâ€™
[2.440s]   101 |   explicit [01;36m[KNode[m[K(
[2.440s]       |            [01;36m[K^~~~[m[K
[2.440s] [01m[K/opt/ros/humble/include/rclcpp/rclcpp/node.hpp:101:12:[m[K [01;36m[Knote: [m[K  candidate expects 3 arguments, 0 provided
[2.440s] [01m[K/opt/ros/humble/include/rclcpp/rclcpp/node.hpp:89:12:[m[K [01;36m[Knote: [m[Kcandidate: â€˜[01m[Krclcpp::Node::Node(const string&, const rclcpp::NodeOptions&)[m[Kâ€™
[2.440s]    89 |   explicit [01;36m[KNode[m[K(
[2.440s]       |            [01;36m[K^~~~[m[K
[2.440s] [01m[K/opt/ros/humble/include/rclcpp/rclcpp/node.hpp:89:12:[m[K [01;36m[Knote: [m[K  candidate expects 2 arguments, 0 provided
[2.440s] [01m[K/home/spaaaaace/Code/ArUco/src/aruco/src/ArUco.cpp:65:112:[m[K [01;31m[Kerror: [m[Kâ€˜[01m[KImage[m[Kâ€™ has not been declared
[2.440s]    65 |                 subscription_ = this->create_subscription<sensor_msgs::msg::Image>("image_raw", 10, std::bind(&[01;31m[KImage[m[K::imageCallback, this, std::placeholders::_1));
[2.440s]       |                                                                                                                [01;31m[K^~~~~[m[K
[3.531s] [01m[K/home/spaaaaace/Code/ArUco/src/aruco/src/ArUco.cpp:[m[K In function â€˜[01m[Kbool solve_pnp(cv::Mat, cv::Mat, std::vector<cv::Point3_<float> >, const std::vector<std::vector<cv::Point_<float> > >&, std::vector<cv::Mat>&, std::vector<cv::Mat>&)[m[Kâ€™:
[3.531s] [01m[K/home/spaaaaace/Code/ArUco/src/aruco/src/ArUco.cpp:59:1:[m[K [01;35m[Kwarning: [m[Kcontrol reaches end of non-void function [[01;35m[K]8;;https://gcc.gnu.org/onlinedocs/gcc/Warning-Options.html#index-Wreturn-type-Wreturn-type]8;;[m[K]
[3.531s]    59 | [01;35m[K}[m[K
[3.531s]       | [01;35m[K^[m[K
[3.559s] gmake[2]: *** [CMakeFiles/ArUco.dir/build.make:76ï¼šCMakeFiles/ArUco.dir/src/ArUco.cpp.o] é”™è¯¯ 1
[3.559s] gmake[1]: *** [CMakeFiles/Makefile2:137ï¼šCMakeFiles/ArUco.dir/all] é”™è¯¯ 2
[3.560s] gmake: *** [Makefile:146ï¼šall] é”™è¯¯ 2
[3.561s] Invoked command in '/home/spaaaaace/Code/ArUco/build/ArUco' returned '2': CMAKE_PREFIX_PATH=${CMAKE_PREFIX_PATH}:/opt/ros/humble CONDA_PROMPT_MODIFIER=(vision) /usr/local/bin/cmake --build /home/spaaaaace/Code/ArUco/build/ArUco -- -j22 -l22
