[ 50%] [32mBuilding CXX object CMakeFiles/ArUco.dir/src/ArUco.cpp.o[0m
[01m[K/home/spaaaaace/Code/ArUco/src/aruco/src/ArUco.cpp:[m[K In function â€˜[01m[Kvoid draw_aruco_target(std::vector<int>, std::vector<std::vector<cv::Point_<float> > >, cv::Mat&)[m[Kâ€™:
[01m[K/home/spaaaaace/Code/ArUco/src/aruco/src/ArUco.cpp:24:27:[m[K [01;35m[Kwarning: [m[Kcomparison of integer expressions of different signedness: â€˜[01m[Kint[m[Kâ€™ and â€˜[01m[Kstd::vector<std::vector<cv::Point_<float> > >::size_type[m[Kâ€™ {aka â€˜[01m[Klong unsigned int[m[Kâ€™} [[01;35m[K]8;;https://gcc.gnu.org/onlinedocs/gcc/Warning-Options.html#index-Wsign-compare-Wsign-compare]8;;[m[K]
   24 |         for (int i = 0; [01;35m[Ki < markerCorners.size()[m[K; i++) {
      |                         [01;35m[K~~^~~~~~~~~~~~~~~~~~~~~~[m[K
[01m[K/home/spaaaaace/Code/ArUco/src/aruco/src/ArUco.cpp:28:35:[m[K [01;35m[Kwarning: [m[Kcomparison of integer expressions of different signedness: â€˜[01m[Kint[m[Kâ€™ and â€˜[01m[Kstd::vector<cv::Point_<float> >::size_type[m[Kâ€™ {aka â€˜[01m[Klong unsigned int[m[Kâ€™} [[01;35m[K]8;;https://gcc.gnu.org/onlinedocs/gcc/Warning-Options.html#index-Wsign-compare-Wsign-compare]8;;[m[K]
   28 |                 for (int j = 0; [01;35m[Kj < markerCorners[i].size()[m[K; j++) {
      |                                 [01;35m[K~~^~~~~~~~~~~~~~~~~~~~~~~~~[m[K
[01m[K/home/spaaaaace/Code/ArUco/src/aruco/src/ArUco.cpp:[m[K In function â€˜[01m[Kbool solve_pnp(cv::Mat, cv::Mat, std::vector<cv::Point3_<float> >, const std::vector<std::vector<cv::Point_<float> > >&, std::vector<cv::Mat>&, std::vector<cv::Mat>&)[m[Kâ€™:
[01m[K/home/spaaaaace/Code/ArUco/src/aruco/src/ArUco.cpp:53:27:[m[K [01;35m[Kwarning: [m[Kcomparison of integer expressions of different signedness: â€˜[01m[Kint[m[Kâ€™ and â€˜[01m[Kstd::vector<std::vector<cv::Point_<float> > >::size_type[m[Kâ€™ {aka â€˜[01m[Klong unsigned int[m[Kâ€™} [[01;35m[K]8;;https://gcc.gnu.org/onlinedocs/gcc/Warning-Options.html#index-Wsign-compare-Wsign-compare]8;;[m[K]
   53 |         for (int i = 0; [01;35m[Ki < markerCorners.size()[m[K; i++) {
      |                         [01;35m[K~~^~~~~~~~~~~~~~~~~~~~~~[m[K
[01m[K/home/spaaaaace/Code/ArUco/src/aruco/src/ArUco.cpp:[m[K At global scope:
[01m[K/home/spaaaaace/Code/ArUco/src/aruco/src/ArUco.cpp:188:34:[m[K [01;31m[Kerror: [m[Kâ€˜[01m[KStaticTransformBroadcaster[m[Kâ€™ is not a member of â€˜[01m[Ktf2_ros[m[Kâ€™; did you mean â€˜[01m[KTransformBroadcaster[m[Kâ€™?
  188 |         std::shared_ptr<tf2_ros::[01;31m[KStaticTransformBroadcaster[m[K> static_broadcaster_ =
      |                                  [01;31m[K^~~~~~~~~~~~~~~~~~~~~~~~~~[m[K
      |                                  [32m[KTransformBroadcaster[m[K
[01m[K/home/spaaaaace/Code/ArUco/src/aruco/src/ArUco.cpp:188:60:[m[K [01;31m[Kerror: [m[Ktemplate argument 1 is invalid
  188 |         std::shared_ptr<tf2_ros::StaticTransformBroadcaster[01;31m[K>[m[K static_broadcaster_ =
      |                                                            [01;31m[K^[m[K
[01m[K/home/spaaaaace/Code/ArUco/src/aruco/src/ArUco.cpp:189:35:[m[K [01;31m[Kerror: [m[Kâ€˜[01m[KStaticTransformBroadcaster[m[Kâ€™ is not a member of â€˜[01m[Ktf2_ros[m[Kâ€™; did you mean â€˜[01m[KTransformBroadcaster[m[Kâ€™?
  189 |         std::make_shared<tf2_ros::[01;31m[KStaticTransformBroadcaster[m[K>(this);
      |                                   [01;31m[K^~~~~~~~~~~~~~~~~~~~~~~~~~[m[K
      |                                   [32m[KTransformBroadcaster[m[K
[01m[K/home/spaaaaace/Code/ArUco/src/aruco/src/ArUco.cpp:189:62:[m[K [01;31m[Kerror: [m[Kno matching function for call to â€˜[01m[Kmake_shared<<expression error> >(ArucoDetect*)[m[Kâ€™
  189 |         [01;31m[Kstd::make_shared<tf2_ros::StaticTransformBroadcaster>(this)[m[K;
      |         [01;31m[K~~~~~~~~~~~~~~~~~~~~~~~~~~~~~~~~~~~~~~~~~~~~~~~~~~~~~^~~~~~[m[K
In file included from [01m[K/usr/include/c++/11/memory:77[m[K,
                 from [01m[K/opt/ros/humble/include/rclcpp/rclcpp/rclcpp.hpp:153[m[K,
                 from [01m[K/home/spaaaaace/Code/ArUco/src/aruco/src/ArUco.cpp:1[m[K:
[01m[K/usr/include/c++/11/bits/shared_ptr.h:875:5:[m[K [01;36m[Knote: [m[Kcandidate: â€˜[01m[Ktemplate<class _Tp, class ... _Args> std::shared_ptr<_Tp> std::make_shared(_Args&& ...)[m[Kâ€™
  875 |     [01;36m[Kmake_shared[m[K(_Args&&... __args)
      |     [01;36m[K^~~~~~~~~~~[m[K
[01m[K/usr/include/c++/11/bits/shared_ptr.h:875:5:[m[K [01;36m[Knote: [m[K  template argument deduction/substitution failed:
[01m[K/home/spaaaaace/Code/ArUco/src/aruco/src/ArUco.cpp:189:62:[m[K [01;31m[Kerror: [m[Ktemplate argument 1 is invalid
  189 |         [01;31m[Kstd::make_shared<tf2_ros::StaticTransformBroadcaster>(this)[m[K;
      |         [01;31m[K~~~~~~~~~~~~~~~~~~~~~~~~~~~~~~~~~~~~~~~~~~~~~~~~~~~~~^~~~~~[m[K
[01m[K/home/spaaaaace/Code/ArUco/src/aruco/src/ArUco.cpp:[m[K In member function â€˜[01m[Kvoid ArucoDetect::imageCallback(sensor_msgs::msg::Image_<std::allocator<void> >::SharedPtr)[m[Kâ€™:
[01m[K/home/spaaaaace/Code/ArUco/src/aruco/src/ArUco.cpp:146:51:[m[K [01;35m[Kwarning: [m[Kcomparison of integer expressions of different signedness: â€˜[01m[Kint[m[Kâ€™ and â€˜[01m[Kstd::vector<cv::Mat>::size_type[m[Kâ€™ {aka â€˜[01m[Klong unsigned int[m[Kâ€™} [[01;35m[K]8;;https://gcc.gnu.org/onlinedocs/gcc/Warning-Options.html#index-Wsign-compare-Wsign-compare]8;;[m[K]
  146 |                                 for (int i = 0; [01;35m[Ki < rvec.size()[m[K; i++) {
      |                                                 [01;35m[K~~^~~~~~~~~~~~~[m[K
[01m[K/home/spaaaaace/Code/ArUco/src/aruco/src/ArUco.cpp:151:33:[m[K [01;31m[Kerror: [m[Kâ€˜[01m[KEigen[m[Kâ€™ has not been declared
  151 |                                 [01;31m[KEigen[m[K::Quaterniond q(rvec[i]);
      |                                 [01;31m[K^~~~~[m[K
[01m[K/home/spaaaaace/Code/ArUco/src/aruco/src/ArUco.cpp:160:85:[m[K [01;31m[Kerror: [m[Kexpected primary-expression before â€˜[01m[Kdouble[m[Kâ€™
  160 |         transform_stamped.transform.translation.x = tvec.at<[01;31m[Kdouble[m[K>(0, 0);
      |                                                             [01;31m[K^~~~~~[m[K

[01m[K/home/spaaaaace/Code/ArUco/src/aruco/src/ArUco.cpp:161:85:[m[K [01;31m[Kerror: [m[Kexpected primary-expression before â€˜[01m[Kdouble[m[Kâ€™
  161 |         transform_stamped.transform.translation.y = tvec.at<[01;31m[Kdouble[m[K>(1, 0);
      |                                                             [01;31m[K^~~~~~[m[K

[01m[K/home/spaaaaace/Code/ArUco/src/aruco/src/ArUco.cpp:162:85:[m[K [01;31m[Kerror: [m[Kexpected primary-expression before â€˜[01m[Kdouble[m[Kâ€™
  162 |         transform_stamped.transform.translation.z = tvec.at<[01;31m[Kdouble[m[K>(2, 0);
      |                                                             [01;31m[K^~~~~~[m[K

[01m[K/home/spaaaaace/Code/ArUco/src/aruco/src/ArUco.cpp:165:74:[m[K [01;31m[Kerror: [m[Kâ€˜[01m[Kq[m[Kâ€™ was not declared in this scope
  165 |                         transform_stamped.transform.rotation.x = [01;31m[Kq[m[K.x();
      |                                                                  [01;31m[K^[m[K

[01m[K/home/spaaaaace/Code/ArUco/src/aruco/src/ArUco.cpp:171:52:[m[K [01;31m[Kerror: [m[Kbase operand of â€˜[01m[K->[m[Kâ€™ is not a pointer
  171 |                                 static_broadcaster_[01;31m[K->[m[KsendTransform(transform_stamped);
      |                                                    [01;31m[K^~[m[K
[01m[K/home/spaaaaace/Code/ArUco/src/aruco/src/ArUco.cpp:[m[K In function â€˜[01m[Kbool solve_pnp(cv::Mat, cv::Mat, std::vector<cv::Point3_<float> >, const std::vector<std::vector<cv::Point_<float> > >&, std::vector<cv::Mat>&, std::vector<cv::Mat>&)[m[Kâ€™:
[01m[K/home/spaaaaace/Code/ArUco/src/aruco/src/ArUco.cpp:63:1:[m[K [01;35m[Kwarning: [m[Kcontrol reaches end of non-void function [[01;35m[K]8;;https://gcc.gnu.org/onlinedocs/gcc/Warning-Options.html#index-Wreturn-type-Wreturn-type]8;;[m[K]
   63 | [01;35m[K}[m[K
      | [01;35m[K^[m[K
gmake[2]: *** [CMakeFiles/ArUco.dir/build.make:76ï¼šCMakeFiles/ArUco.dir/src/ArUco.cpp.o] é”™è¯¯ 1
gmake[1]: *** [CMakeFiles/Makefile2:137ï¼šCMakeFiles/ArUco.dir/all] é”™è¯¯ 2
gmake: *** [Makefile:146ï¼šall] é”™è¯¯ 2
