[0.011s] Invoking command in '/home/spaaaaace/Code/ArUco/build/ArUco': CMAKE_PREFIX_PATH=${CMAKE_PREFIX_PATH}:/opt/ros/humble /usr/local/bin/cmake --build /home/spaaaaace/Code/ArUco/build/ArUco -- -j22 -l22
[0.040s] [ 50%] [32mBuilding CXX object CMakeFiles/ArUco.dir/src/ArUco.cpp.o[0m
[2.166s] [01m[K/home/spaaaaace/Code/ArUco/src/aruco/src/ArUco.cpp:[m[K In function ‚Äò[01m[Kvoid draw_aruco_target(std::vector<int>, std::vector<std::vector<cv::Point_<float> > >, cv::Mat&)[m[K‚Äô:
[2.166s] [01m[K/home/spaaaaace/Code/ArUco/src/aruco/src/ArUco.cpp:27:27:[m[K [01;35m[Kwarning: [m[Kcomparison of integer expressions of different signedness: ‚Äò[01m[Kint[m[K‚Äô and ‚Äò[01m[Kstd::vector<std::vector<cv::Point_<float> > >::size_type[m[K‚Äô {aka ‚Äò[01m[Klong unsigned int[m[K‚Äô} [[01;35m[K]8;;https://gcc.gnu.org/onlinedocs/gcc/Warning-Options.html#index-Wsign-compare-Wsign-compare]8;;[m[K]
[2.166s]    27 |         for (int i = 0; [01;35m[Ki < markerCorners.size()[m[K; i++) {
[2.166s]       |                         [01;35m[K~~^~~~~~~~~~~~~~~~~~~~~~[m[K
[2.167s] [01m[K/home/spaaaaace/Code/ArUco/src/aruco/src/ArUco.cpp:31:35:[m[K [01;35m[Kwarning: [m[Kcomparison of integer expressions of different signedness: ‚Äò[01m[Kint[m[K‚Äô and ‚Äò[01m[Kstd::vector<cv::Point_<float> >::size_type[m[K‚Äô {aka ‚Äò[01m[Klong unsigned int[m[K‚Äô} [[01;35m[K]8;;https://gcc.gnu.org/onlinedocs/gcc/Warning-Options.html#index-Wsign-compare-Wsign-compare]8;;[m[K]
[2.167s]    31 |                 for (int j = 0; [01;35m[Kj < markerCorners[i].size()[m[K; j++) {
[2.167s]       |                                 [01;35m[K~~^~~~~~~~~~~~~~~~~~~~~~~~~[m[K
[2.169s] [01m[K/home/spaaaaace/Code/ArUco/src/aruco/src/ArUco.cpp:[m[K In function ‚Äò[01m[Kbool solve_pnp(cv::Mat, cv::Mat, std::vector<cv::Point3_<float> >, const std::vector<std::vector<cv::Point_<float> > >&, std::vector<cv::Mat>&, std::vector<cv::Mat>&)[m[K‚Äô:
[2.169s] [01m[K/home/spaaaaace/Code/ArUco/src/aruco/src/ArUco.cpp:56:27:[m[K [01;35m[Kwarning: [m[Kcomparison of integer expressions of different signedness: ‚Äò[01m[Kint[m[K‚Äô and ‚Äò[01m[Kstd::vector<std::vector<cv::Point_<float> > >::size_type[m[K‚Äô {aka ‚Äò[01m[Klong unsigned int[m[K‚Äô} [[01;35m[K]8;;https://gcc.gnu.org/onlinedocs/gcc/Warning-Options.html#index-Wsign-compare-Wsign-compare]8;;[m[K]
[2.169s]    56 |         for (int i = 0; [01;35m[Ki < markerCorners.size()[m[K; i++) {
[2.169s]       |                         [01;35m[K~~^~~~~~~~~~~~~~~~~~~~~~[m[K
[2.240s] [01m[K/home/spaaaaace/Code/ArUco/src/aruco/src/ArUco.cpp:[m[K In member function ‚Äò[01m[Kvoid ArucoDetect::imageCallback(sensor_msgs::msg::Image_<std::allocator<void> >::SharedPtr)[m[K‚Äô:
[2.240s] [01m[K/home/spaaaaace/Code/ArUco/src/aruco/src/ArUco.cpp:182:25:[m[K [01;35m[Kwarning: [m[Kthis ‚Äò[01m[Kfor[m[K‚Äô clause does not guard... [[01;35m[K]8;;https://gcc.gnu.org/onlinedocs/gcc/Warning-Options.html#index-Wmisleading-indentation-Wmisleading-indentation]8;;[m[K]
[2.240s]   182 |                         [01;35m[Kfor[m[K (int i = 0; i < measSize; ++i)
[2.240s]       |                         [01;35m[K^~~[m[K
[2.240s] [01m[K/home/spaaaaace/Code/ArUco/src/aruco/src/ArUco.cpp:185:33:[m[K [01;36m[Knote: [m[K...this statement, but the latter is misleadingly indented as if it were guarded by the ‚Äò[01m[Kfor[m[K‚Äô
[2.240s]   185 |                                 [01;36m[Kfor[m[K (int i = 0; i < rvec.size(); i++) {
[2.240s]       |                                 [01;36m[K^~~[m[K
[2.240s] [01m[K/home/spaaaaace/Code/ArUco/src/aruco/src/ArUco.cpp:185:51:[m[K [01;35m[Kwarning: [m[Kcomparison of integer expressions of different signedness: ‚Äò[01m[Kint[m[K‚Äô and ‚Äò[01m[Kstd::vector<cv::Mat>::size_type[m[K‚Äô {aka ‚Äò[01m[Klong unsigned int[m[K‚Äô} [[01;35m[K]8;;https://gcc.gnu.org/onlinedocs/gcc/Warning-Options.html#index-Wsign-compare-Wsign-compare]8;;[m[K]
[2.241s]   185 |                              for (int i = 0; [01;35m[Ki < rvec.size()[m[K; i++) {
[2.241s]       |                                              [01;35m[K~~^~~~~~~~~~~~~[m[K
[2.241s] 
[2.243s] [01m[K/home/spaaaaace/Code/ArUco/src/aruco/src/ArUco.cpp:229:69:[m[K [01;31m[Kerror: [m[K‚Äò[01m[KScalar[m[K‚Äô was not declared in this scope; did you mean ‚Äò[01m[Kcv::Scalar[m[K‚Äô?
[2.243s]   229 |                line(canvas, last_pred, predPt, [01;31m[KScalar[m[K(255, 0, 0), 2);  // ËìùËâ≤Á∫øÔºöÈ¢ÑÊµãËΩ®Ëøπ
[2.244s]       |                                                [01;31m[K^~~~~~[m[K
[2.244s]       |                                                [32m[Kcv::Scalar[m[K
[2.244s] In file included from [01m[K/usr/local/include/opencv4/opencv2/core.hpp:57[m[K,
[2.244s]                  from [01m[K/usr/local/include/opencv4/opencv2/core/core.hpp:48[m[K,
[2.244s]                  from [01m[K/opt/ros/humble/include/cv_bridge/cv_bridge/cv_bridge.h:43[m[K,
[2.244s]                  from [01m[K/home/spaaaaace/Code/ArUco/src/aruco/src/ArUco.cpp:3[m[K:
[2.244s] [01m[K/usr/local/include/opencv4/opencv2/core/types.hpp:702:25:[m[K [01;36m[Knote: [m[K‚Äò[01m[Kcv::Scalar[m[K‚Äô declared here
[2.244s]   702 | typedef Scalar_<double> [01;36m[KScalar[m[K;
[2.244s]       |                         [01;36m[K^~~~~~[m[K
[2.245s] [01m[K/home/spaaaaace/Code/ArUco/src/aruco/src/ArUco.cpp:231:69:[m[K [01;31m[Kerror: [m[K‚Äò[01m[KScalar[m[K‚Äô was not declared in this scope; did you mean ‚Äò[01m[Kcv::Scalar[m[K‚Äô?
[2.245s]   231 |                line(canvas, last_meas, measPt, [01;31m[KScalar[m[K(0, 0, 255), 1);  // Á∫¢Ëâ≤Á∫øÔºöËßÇÊµãËΩ®Ëøπ
[2.245s]       |                                                [01;31m[K^~~~~~[m[K
[2.245s]       |                                                [32m[Kcv::Scalar[m[K
[2.245s] In file included from [01m[K/usr/local/include/opencv4/opencv2/core.hpp:57[m[K,
[2.245s]                  from [01m[K/usr/local/include/opencv4/opencv2/core/core.hpp:48[m[K,
[2.245s]                  from [01m[K/opt/ros/humble/include/cv_bridge/cv_bridge/cv_bridge.h:43[m[K,
[2.245s]                  from [01m[K/home/spaaaaace/Code/ArUco/src/aruco/src/ArUco.cpp:3[m[K:
[2.245s] [01m[K/usr/local/include/opencv4/opencv2/core/types.hpp:702:25:[m[K [01;36m[Knote: [m[K‚Äò[01m[Kcv::Scalar[m[K‚Äô declared here
[2.245s]   702 | typedef Scalar_<double> [01;36m[KScalar[m[K;
[2.245s]       |                         [01;36m[K^~~~~~[m[K
[2.246s] [01m[K/home/spaaaaace/Code/ArUco/src/aruco/src/ArUco.cpp:237:59:[m[K [01;31m[Kerror: [m[K‚Äò[01m[KScalar[m[K‚Äô was not declared in this scope; did you mean ‚Äò[01m[Kcv::Scalar[m[K‚Äô?
[2.246s]   237 |                      circle(canvas, predPt, 3, [01;31m[KScalar[m[K(255, 255, 0), -1); // ÂΩìÂâçÈ¢ÑÊµãÁÇπÔºöÊµÖËìù
[2.246s]       |                                                [01;31m[K^~~~~~[m[K
[2.246s]       |                                                [32m[Kcv::Scalar[m[K
[2.246s] In file included from [01m[K/usr/local/include/opencv4/opencv2/core.hpp:57[m[K,
[2.246s]                  from [01m[K/usr/local/include/opencv4/opencv2/core/core.hpp:48[m[K,
[2.246s]                  from [01m[K/opt/ros/humble/include/cv_bridge/cv_bridge/cv_bridge.h:43[m[K,
[2.246s]                  from [01m[K/home/spaaaaace/Code/ArUco/src/aruco/src/ArUco.cpp:3[m[K:
[2.246s] [01m[K/usr/local/include/opencv4/opencv2/core/types.hpp:702:25:[m[K [01;36m[Knote: [m[K‚Äò[01m[Kcv::Scalar[m[K‚Äô declared here
[2.247s]   702 | typedef Scalar_<double> [01;36m[KScalar[m[K;
[2.247s]       |                         [01;36m[K^~~~~~[m[K
[2.265s] [01m[K/home/spaaaaace/Code/ArUco/src/aruco/src/ArUco.cpp:187:48:[m[K [01;35m[Kwarning: [m[Kunused variable ‚Äò[01m[Kdistance[m[K‚Äô [[01;35m[K]8;;https://gcc.gnu.org/onlinedocs/gcc/Warning-Options.html#index-Wunused-variable-Wunused-variable]8;;[m[K]
[2.265s]   187 |                                         double [01;35m[Kdistance[m[K = calculateDistanceToCamera(rvec[i], tvec[i], cv::Point3f(0, 0, 0));
[2.265s]       |                                                [01;35m[K^~~~~~~~[m[K
[4.344s] gmake[2]: *** [CMakeFiles/ArUco.dir/build.make:76ÔºöCMakeFiles/ArUco.dir/src/ArUco.cpp.o] ÈîôËØØ 1
[4.344s] gmake[1]: *** [CMakeFiles/Makefile2:137ÔºöCMakeFiles/ArUco.dir/all] ÈîôËØØ 2
[4.344s] gmake: *** [Makefile:146Ôºöall] ÈîôËØØ 2
[4.346s] Invoked command in '/home/spaaaaace/Code/ArUco/build/ArUco' returned '2': CMAKE_PREFIX_PATH=${CMAKE_PREFIX_PATH}:/opt/ros/humble /usr/local/bin/cmake --build /home/spaaaaace/Code/ArUco/build/ArUco -- -j22 -l22
