[0.009s] Invoking command in '/home/spaaaaace/Code/ArUco/build/ArUco': CMAKE_PREFIX_PATH=${CMAKE_PREFIX_PATH}:/opt/ros/humble /usr/local/bin/cmake --build /home/spaaaaace/Code/ArUco/build/ArUco -- -j22 -l22
[0.038s] [ 25%] [32mBuilding CXX object CMakeFiles/ArUco.dir/src/aruco_mark.cpp.o[0m
[0.038s] [ 50%] [32mBuilding CXX object CMakeFiles/ArUco.dir/src/ArUco.cpp.o[0m
[0.156s] In file included from [01m[K/home/spaaaaace/Code/ArUco/src/aruco/src/aruco_mark.cpp:1[m[K:
[0.156s] [01m[K/home/spaaaaace/Code/ArUco/src/aruco/include/ArUco/aruco_mark.hpp:1:[m[K [01;31m[Kerror: [m[Kunterminated #ifndef
[0.156s]     1 | #ifndef ARUCO_MARK_HPP
[0.156s]       | 
[0.272s] In file included from [01m[K/home/spaaaaace/Code/ArUco/src/aruco/src/ArUco.cpp:18[m[K:
[0.272s] [01m[K/home/spaaaaace/Code/ArUco/src/aruco/include/ArUco/aruco_mark.hpp:1:[m[K [01;31m[Kerror: [m[Kunterminated #ifndef
[0.272s]     1 | #ifndef ARUCO_MARK_HPP
[0.272s]       | 
[0.771s] In file included from [01m[K/home/spaaaaace/Code/ArUco/src/aruco/src/aruco_mark.cpp:1[m[K:
[0.771s] [01m[K/home/spaaaaace/Code/ArUco/src/aruco/include/ArUco/aruco_mark.hpp:27:20:[m[K [01;31m[Kerror: [m[Kexpected ‚Äò[01m[K;[m[K‚Äô at end of member declaration
[0.771s]    27 |     int measSize = [01;31m[K3[m[K
[0.772s]       |                    [01;31m[K^[m[K
[0.772s]       |                     [32m[K;[m[K
[0.772s] [01m[K/home/spaaaaace/Code/ArUco/src/aruco/include/ArUco/aruco_mark.hpp:25:5:[m[K [01;31m[Kerror: [m[Kexpected ‚Äò[01m[K;[m[K‚Äô before ‚Äò[01m[Kdouble[m[K‚Äô
[0.772s]    25 |     [01;31m[Kdouble[m[K alpha_r = 1e-2
[0.772s]       |     [01;31m[K^~~~~~[m[K
[0.772s] [01m[K/home/spaaaaace/Code/ArUco/src/aruco/include/ArUco/aruco_mark.hpp:7:1:[m[K [01;31m[Kerror: [m[Knew types may not be defined in a return type
[0.772s]     7 | [01;31m[Kclass[m[K ArucoMark{
[0.772s]       | [01;31m[K^~~~~[m[K
[0.772s] [01m[K/home/spaaaaace/Code/ArUco/src/aruco/include/ArUco/aruco_mark.hpp:7:1:[m[K [01;36m[Knote: [m[K(perhaps a semicolon is missing after the definition of ‚Äò[01m[KArucoMark[m[K‚Äô)
[0.772s] [01m[K/home/spaaaaace/Code/ArUco/src/aruco/include/ArUco/aruco_mark.hpp:7:1:[m[K [01;31m[Kerror: [m[Kreturn type specification for constructor invalid
[0.775s] [01m[K/home/spaaaaace/Code/ArUco/src/aruco/src/aruco_mark.cpp:[m[K In constructor ‚Äò[01m[KArucoMark::ArucoMark(int, std::vector<std::vector<cv::Point_<float> > >, cv::Mat, cv::Mat)[m[K‚Äô:
[0.775s] [01m[K/home/spaaaaace/Code/ArUco/src/aruco/src/aruco_mark.cpp:8:34:[m[K [01;31m[Kerror: [m[K‚Äò[01m[Kalpha_r[m[K‚Äô was not declared in this scope; did you mean ‚Äò[01m[Kalpha_q[m[K‚Äô?
[0.775s]     8 |     this->ekf = new EKF(alpha_q, [01;31m[Kalpha_r[m[K, stateSize, measSize);
[0.775s]       |                                  [01;31m[K^~~~~~~[m[K
[0.775s]       |                                  [32m[Kalpha_q[m[K
[0.778s] [01m[K/home/spaaaaace/Code/ArUco/src/aruco/src/aruco_mark.cpp:8:43:[m[K [01;31m[Kerror: [m[K‚Äò[01m[KstateSize[m[K‚Äô was not declared in this scope
[0.778s]     8 |     this->ekf = new EKF(alpha_q, alpha_r, [01;31m[KstateSize[m[K, measSize);
[0.779s]       |                                           [01;31m[K^~~~~~~~~[m[K
[0.782s] [01m[K/home/spaaaaace/Code/ArUco/src/aruco/src/aruco_mark.cpp:8:54:[m[K [01;31m[Kerror: [m[K‚Äò[01m[KmeasSize[m[K‚Äô was not declared in this scope
[0.782s]     8 |     this->ekf = new EKF(alpha_q, alpha_r, stateSize, [01;31m[KmeasSize[m[K);
[0.782s]       |                                                      [01;31m[K^~~~~~~~[m[K
[1.074s] gmake[2]: *** [CMakeFiles/ArUco.dir/build.make:104ÔºöCMakeFiles/ArUco.dir/src/aruco_mark.cpp.o] ÈîôËØØ 1
[1.074s] gmake[2]: *** Ê≠£Âú®Á≠âÂæÖÊú™ÂÆåÊàêÁöÑ‰ªªÂä°....
[2.244s] [01m[K/home/spaaaaace/Code/ArUco/src/aruco/include/ArUco/aruco_mark.hpp:27:20:[m[K [01;31m[Kerror: [m[Kexpected ‚Äò[01m[K;[m[K‚Äô at end of member declaration
[2.244s]    27 |     int measSize = [01;31m[K3[m[K
[2.244s]       |                    [01;31m[K^[m[K
[2.244s]       |                     [32m[K;[m[K
[2.244s] [01m[K/home/spaaaaace/Code/ArUco/src/aruco/include/ArUco/aruco_mark.hpp:30:2:[m[K [01;31m[Kerror: [m[Kexpected ‚Äò[01m[K;[m[K‚Äô after class definition
[2.244s]    30 | }
[2.244s]       |  [01;31m[K^[m[K
[2.244s]       |  [32m[K;[m[K
[2.244s] [01m[K/home/spaaaaace/Code/ArUco/src/aruco/include/ArUco/aruco_mark.hpp:25:5:[m[K [01;31m[Kerror: [m[Kexpected ‚Äò[01m[K;[m[K‚Äô before ‚Äò[01m[Kdouble[m[K‚Äô
[2.245s]    25 |     [01;31m[Kdouble[m[K alpha_r = 1e-2
[2.245s]       |     [01;31m[K^~~~~~[m[K
[2.245s] [01m[K/home/spaaaaace/Code/ArUco/src/aruco/src/ArUco.cpp:393:2:[m[K [01;31m[Kerror: [m[Kexpected ‚Äò[01m[K}[m[K‚Äô at end of input
[2.245s]   393 | }
[2.245s]       |  [01;31m[K^[m[K
[2.245s] [01m[K/home/spaaaaace/Code/ArUco/src/aruco/src/ArUco.cpp:30:1:[m[K [01;36m[Knote: [m[Kto match this ‚Äò[01m[K{[m[K‚Äô
[2.245s]    30 | [01;36m[K{[m[K
[2.245s]       | [01;36m[K^[m[K
[2.253s] [01m[K/home/spaaaaace/Code/ArUco/src/aruco/src/ArUco.cpp:[m[K In constructor ‚Äò[01m[KArucoDetect::ArucoDetect()[m[K‚Äô:
[2.253s] [01m[K/home/spaaaaace/Code/ArUco/src/aruco/src/ArUco.cpp:34:17:[m[K [01;31m[Kerror: [m[K‚Äò[01m[Ksubscription_[m[K‚Äô was not declared in this scope; did you mean ‚Äò[01m[Krmw_subscription_t[m[K‚Äô?
[2.253s]    34 |                 [01;31m[Ksubscription_[m[K = this->create_subscription<sensor_msgs::msg::Image>("camera/image_raw", 10, std::bind(&ArucoDetect::imageCallback, this, std::placeholders::_1));
[2.253s]       |                 [01;31m[K^~~~~~~~~~~~~[m[K
[2.253s]       |                 [32m[Krmw_subscription_t[m[K
[2.253s] [01m[K/home/spaaaaace/Code/ArUco/src/aruco/src/ArUco.cpp:34:132:[m[K [01;31m[Kerror: [m[K‚Äò[01m[KimageCallback[m[K‚Äô is not a member of ‚Äò[01m[KArucoDetect[m[K‚Äô
[2.253s]    34 | :msg::Image>("camera/image_raw", 10, std::bind(&ArucoDetect::[01;31m[KimageCallback[m[K, this, std::placeholders::_1));
[2.253s]       |                                                              [01;31m[K^~~~~~~~~~~~~[m[K
[2.253s] 
[2.260s] [01m[K/home/spaaaaace/Code/ArUco/src/aruco/src/ArUco.cpp:35:17:[m[K [01;31m[Kerror: [m[K‚Äò[01m[Kbroadcaster_[m[K‚Äô was not declared in this scope
[2.260s]    35 |                 [01;31m[Kbroadcaster_[m[K = std::make_shared<tf2_ros::TransformBroadcaster>(this);
[2.260s]       |                 [01;31m[K^~~~~~~~~~~~[m[K
[2.270s] [01m[K/home/spaaaaace/Code/ArUco/src/aruco/src/ArUco.cpp:37:17:[m[K [01;31m[Kerror: [m[K‚Äò[01m[Kmarker_pub_[m[K‚Äô was not declared in this scope
[2.270s]    37 |                 [01;31m[Kmarker_pub_[m[K = this->create_publisher<visualization_msgs::msg::Marker>("/aruco_truePos", 10);
[2.270s]       |                 [01;31m[K^~~~~~~~~~~[m[K
[2.282s] [01m[K/home/spaaaaace/Code/ArUco/src/aruco/src/ArUco.cpp:38:17:[m[K [01;31m[Kerror: [m[K‚Äò[01m[Kmarker_pub_future_[m[K‚Äô was not declared in this scope
[2.282s]    38 |                 [01;31m[Kmarker_pub_future_[m[K = this->create_publisher<visualization_msgs::msg::Marker>("/aruco_futurePos", 10);
[2.282s]       |                 [01;31m[K^~~~~~~~~~~~~~~~~~[m[K
[2.283s] [01m[K/home/spaaaaace/Code/ArUco/src/aruco/src/ArUco.cpp:[m[K In member function ‚Äò[01m[Kvoid ArucoDetect::draw_aruco_target(std::vector<int>, std::vector<std::vector<cv::Point_<float> > >, cv::Mat&, bool)[m[K‚Äô:
[2.283s] [01m[K/home/spaaaaace/Code/ArUco/src/aruco/src/ArUco.cpp:42:35:[m[K [01;35m[Kwarning: [m[Kcomparison of integer expressions of different signedness: ‚Äò[01m[Kint[m[K‚Äô and ‚Äò[01m[Kstd::vector<std::vector<cv::Point_<float> > >::size_type[m[K‚Äô {aka ‚Äò[01m[Klong unsigned int[m[K‚Äô} [[01;35m[K]8;;https://gcc.gnu.org/onlinedocs/gcc/Warning-Options.html#index-Wsign-compare-Wsign-compare]8;;[m[K]
[2.283s]    42 |                 for (int i = 0; [01;35m[Ki < markerCorners.size()[m[K; i++) {
[2.283s]       |                                 [01;35m[K~~^~~~~~~~~~~~~~~~~~~~~~[m[K
[2.284s] [01m[K/home/spaaaaace/Code/ArUco/src/aruco/src/ArUco.cpp:46:43:[m[K [01;35m[Kwarning: [m[Kcomparison of integer expressions of different signedness: ‚Äò[01m[Kint[m[K‚Äô and ‚Äò[01m[Kstd::vector<cv::Point_<float> >::size_type[m[K‚Äô {aka ‚Äò[01m[Klong unsigned int[m[K‚Äô} [[01;35m[K]8;;https://gcc.gnu.org/onlinedocs/gcc/Warning-Options.html#index-Wsign-compare-Wsign-compare]8;;[m[K]
[2.285s]    46 |                         for (int j = 0; [01;35m[Kj < markerCorners[i].size()[m[K; j++) {
[2.285s]       |                                         [01;35m[K~~^~~~~~~~~~~~~~~~~~~~~~~~~[m[K
[2.286s] [01m[K/home/spaaaaace/Code/ArUco/src/aruco/src/ArUco.cpp:[m[K In member function ‚Äò[01m[Kbool ArucoDetect::solve_pnp(cv::Mat, cv::Mat, std::vector<cv::Point3_<float> >, const std::vector<std::vector<cv::Point_<float> > >&, std::vector<int>, std::vector<ArucoMark>*)[m[K‚Äô:
[2.286s] [01m[K/home/spaaaaace/Code/ArUco/src/aruco/src/ArUco.cpp:76:35:[m[K [01;35m[Kwarning: [m[Kcomparison of integer expressions of different signedness: ‚Äò[01m[Kint[m[K‚Äô and ‚Äò[01m[Kstd::vector<std::vector<cv::Point_<float> > >::size_type[m[K‚Äô {aka ‚Äò[01m[Klong unsigned int[m[K‚Äô} [[01;35m[K]8;;https://gcc.gnu.org/onlinedocs/gcc/Warning-Options.html#index-Wsign-compare-Wsign-compare]8;;[m[K]
[2.286s]    76 |                 for (int i = 0; [01;35m[Ki < markerCorners.size()[m[K; i++) {
[2.286s]       |                                 [01;35m[K~~^~~~~~~~~~~~~~~~~~~~~~[m[K
[2.288s] [01m[K/home/spaaaaace/Code/ArUco/src/aruco/src/ArUco.cpp:87:122:[m[K [01;31m[Kerror: [m[Kno matching function for call to ‚Äò[01m[KArucoMark::ArucoMark(__gnu_cxx::__alloc_traits<std::allocator<int>, int>::value_type&, const value_type&, cv::Mat&, cv::Mat&)[m[K‚Äô
[2.288s]    87 | ck(new ArucoMark(markerIds[i], markerCorners[i], rvec_temp, tvec_temp[01;31m[K)[m[K);
[2.288s]       |                                                                      [01;31m[K^[m[K
[2.288s] 
[2.288s] In file included from [01m[K/home/spaaaaace/Code/ArUco/src/aruco/src/ArUco.cpp:18[m[K:
[2.288s] [01m[K/home/spaaaaace/Code/ArUco/src/aruco/include/ArUco/aruco_mark.hpp:10:1:[m[K [01;36m[Knote: [m[Kcandidate: ‚Äò[01m[KArucoMark::ArucoMark(int, std::vector<std::vector<cv::Point_<float> > >, cv::Mat, cv::Mat)[m[K‚Äô
[2.288s]    10 | [01;36m[KArucoMark[m[K(int id, std::vector<std::vector<cv::Point2f> > markerCorners, cv::Mat marker_rvec, cv::Mat marker_tvec);
[2.288s]       | [01;36m[K^~~~~~~~~[m[K
[2.289s] [01m[K/home/spaaaaace/Code/ArUco/src/aruco/include/ArUco/aruco_mark.hpp:10:58:[m[K [01;36m[Knote: [m[K  no known conversion for argument 2 from ‚Äò[01m[Kvector<[01;32m[Kcv::Point_<float>[m[K>[m[K‚Äô to ‚Äò[01m[Kvector<[01;32m[Kstd::vector<cv::Point_<float> >[m[K>[m[K‚Äô
[2.289s]    10 | ArucoMark(int id, [01;36m[Kstd::vector<std::vector<cv::Point2f> > markerCorners[m[K, cv::Mat marker_rvec, cv::Mat marker_tvec);
[2.289s]       |                   [01;36m[K~~~~~~~~~~~~~~~~~~~~~~~~~~~~~~~~~~~~~~~^~~~~~~~~~~~~[m[K
[2.289s] [01m[K/home/spaaaaace/Code/ArUco/src/aruco/include/ArUco/aruco_mark.hpp:7:7:[m[K [01;36m[Knote: [m[Kcandidate: ‚Äò[01m[KArucoMark::ArucoMark(const ArucoMark&)[m[K‚Äô
[2.289s]     7 | class [01;36m[KArucoMark[m[K{
[2.289s]       |       [01;36m[K^~~~~~~~~[m[K
[2.289s] [01m[K/home/spaaaaace/Code/ArUco/src/aruco/include/ArUco/aruco_mark.hpp:7:7:[m[K [01;36m[Knote: [m[K  candidate expects 1 argument, 4 provided
[2.289s] [01m[K/home/spaaaaace/Code/ArUco/src/aruco/src/ArUco.cpp:90:50:[m[K [01;35m[Kwarning: [m[Kcomparison of integer expressions of different signedness: ‚Äò[01m[Kint[m[K‚Äô and ‚Äò[01m[Kstd::vector<ArucoMark>::size_type[m[K‚Äô {aka ‚Äò[01m[Klong unsigned int[m[K‚Äô} [[01;35m[K]8;;https://gcc.gnu.org/onlinedocs/gcc/Warning-Options.html#index-Wsign-compare-Wsign-compare]8;;[m[K]
[2.289s]    90 |                                 for(int j = 0; [01;35m[Kj < aruco_marks->size()[m[K; j++){
[2.289s]       |                                                [01;35m[K~~^~~~~~~~~~~~~~~~~~~~~[m[K
[2.289s] [01m[K/home/spaaaaace/Code/ArUco/src/aruco/src/ArUco.cpp:94:74:[m[K [01;31m[Kerror: [m[Kbase operand of ‚Äò[01m[K->[m[K‚Äô has non-pointer type ‚Äò[01m[Kstd::vector<ArucoMark>[m[K‚Äô
[2.289s]    94 |                             if(markerIds[i] == aruco_marks[j][01;31m[K->[m[Kid && aruco_marks[j]->isLost){
[2.289s]       |                                                              [01;31m[K^~[m[K
[2.289s] 
[2.289s] [01m[K/home/spaaaaace/Code/ArUco/src/aruco/src/ArUco.cpp:94:96:[m[K [01;31m[Kerror: [m[Kbase operand of ‚Äò[01m[K->[m[K‚Äô has non-pointer type ‚Äò[01m[Kstd::vector<ArucoMark>[m[K‚Äô
[2.289s]    94 |        if(markerIds[i] == aruco_marks[j]->id && aruco_marks[j][01;31m[K->[m[KisLost){
[2.289s]       |                                                               [01;31m[K^~[m[K
[2.289s] 
[2.290s] [01m[K/home/spaaaaace/Code/ArUco/src/aruco/src/ArUco.cpp:96:63:[m[K [01;31m[Kerror: [m[Kbase operand of ‚Äò[01m[K->[m[K‚Äô has non-pointer type ‚Äò[01m[Kstd::vector<ArucoMark>[m[K‚Äô
[2.290s]    96 |                                                aruco_marks[j][01;31m[K->[m[KisLost = false;
[2.290s]       |                                                              [01;31m[K^~[m[K
[2.290s] 
[2.290s] [01m[K/home/spaaaaace/Code/ArUco/src/aruco/src/ArUco.cpp:97:63:[m[K [01;31m[Kerror: [m[Kbase operand of ‚Äò[01m[K->[m[K‚Äô has non-pointer type ‚Äò[01m[Kstd::vector<ArucoMark>[m[K‚Äô
[2.290s]    97 |                                                aruco_marks[j][01;31m[K->[m[KmarkerCorners = markerCorners[i];
[2.290s]       |                                                              [01;31m[K^~[m[K
[2.290s] 
[2.290s] [01m[K/home/spaaaaace/Code/ArUco/src/aruco/src/ArUco.cpp:98:63:[m[K [01;31m[Kerror: [m[Kbase operand of ‚Äò[01m[K->[m[K‚Äô has non-pointer type ‚Äò[01m[Kstd::vector<ArucoMark>[m[K‚Äô
[2.290s]    98 |                                                aruco_marks[j][01;31m[K->[m[Kmarker_rvec = rvec_temp;
[2.290s]       |                                                              [01;31m[K^~[m[K
[2.290s] 
[2.290s] [01m[K/home/spaaaaace/Code/ArUco/src/aruco/src/ArUco.cpp:99:63:[m[K [01;31m[Kerror: [m[Kbase operand of ‚Äò[01m[K->[m[K‚Äô has non-pointer type ‚Äò[01m[Kstd::vector<ArucoMark>[m[K‚Äô
[2.290s]    99 |                                                aruco_marks[j][01;31m[K->[m[Kmarker_tvec = tvec_temp;
[2.290s]       |                                                              [01;31m[K^~[m[K
[2.290s] 
[2.290s] [01m[K/home/spaaaaace/Code/ArUco/src/aruco/src/ArUco.cpp:100:80:[m[K [01;31m[Kerror: [m[Kbase operand of ‚Äò[01m[K->[m[K‚Äô has non-pointer type ‚Äò[01m[Kstd::vector<ArucoMark>[m[K‚Äô
[2.290s]   100 |                       }else if(markerIds[i] == aruco_marks[j][01;31m[K->[m[Kid && !aruco_marks[j]->isLost){
[2.290s]       |                                                              [01;31m[K^~[m[K
[2.290s] 
[2.290s] [01m[K/home/spaaaaace/Code/ArUco/src/aruco/src/ArUco.cpp:100:103:[m[K [01;31m[Kerror: [m[Kbase operand of ‚Äò[01m[K->[m[K‚Äô has non-pointer type ‚Äò[01m[Kstd::vector<ArucoMark>[m[K‚Äô
[2.290s]   100 | }else if(markerIds[i] == aruco_marks[j]->id && !aruco_marks[j][01;31m[K->[m[KisLost){
[2.290s]       |                                                               [01;31m[K^~[m[K
[2.290s] 
[2.290s] [01m[K/home/spaaaaace/Code/ArUco/src/aruco/src/ArUco.cpp:102:63:[m[K [01;31m[Kerror: [m[Kbase operand of ‚Äò[01m[K->[m[K‚Äô has non-pointer type ‚Äò[01m[Kstd::vector<ArucoMark>[m[K‚Äô
[2.290s]   102 |                                                aruco_marks[j][01;31m[K->[m[KmarkerCorners = markerCorners[i];
[2.291s]       |                                                              [01;31m[K^~[m[K
[2.291s] 
[2.291s] [01m[K/home/spaaaaace/Code/ArUco/src/aruco/src/ArUco.cpp:103:63:[m[K [01;31m[Kerror: [m[Kbase operand of ‚Äò[01m[K->[m[K‚Äô has non-pointer type ‚Äò[01m[Kstd::vector<ArucoMark>[m[K‚Äô
[2.291s]   103 |                                                aruco_marks[j][01;31m[K->[m[Kmarker_rvec = rvec_temp;
[2.291s]       |                                                              [01;31m[K^~[m[K
[2.291s] 
[2.291s] [01m[K/home/spaaaaace/Code/ArUco/src/aruco/src/ArUco.cpp:104:63:[m[K [01;31m[Kerror: [m[Kbase operand of ‚Äò[01m[K->[m[K‚Äô has non-pointer type ‚Äò[01m[Kstd::vector<ArucoMark>[m[K‚Äô
[2.291s]   104 |                                                aruco_marks[j][01;31m[K->[m[Kmarker_tvec = tvec_temp;
[2.291s]       |                                                              [01;31m[K^~[m[K
[2.291s] 
[2.291s] [01m[K/home/spaaaaace/Code/ArUco/src/aruco/src/ArUco.cpp:108:130:[m[K [01;31m[Kerror: [m[Kno matching function for call to ‚Äò[01m[KArucoMark::ArucoMark(__gnu_cxx::__alloc_traits<std::allocator<int>, int>::value_type&, const value_type&, cv::Mat&, cv::Mat&)[m[K‚Äô
[2.291s]   108 | ck(new ArucoMark(markerIds[i], markerCorners[i], rvec_temp, tvec_temp[01;31m[K)[m[K);
[2.291s]       |                                                                      [01;31m[K^[m[K
[2.291s] 
[2.291s] In file included from [01m[K/home/spaaaaace/Code/ArUco/src/aruco/src/ArUco.cpp:18[m[K:
[2.291s] [01m[K/home/spaaaaace/Code/ArUco/src/aruco/include/ArUco/aruco_mark.hpp:10:1:[m[K [01;36m[Knote: [m[Kcandidate: ‚Äò[01m[KArucoMark::ArucoMark(int, std::vector<std::vector<cv::Point_<float> > >, cv::Mat, cv::Mat)[m[K‚Äô
[2.291s]    10 | [01;36m[KArucoMark[m[K(int id, std::vector<std::vector<cv::Point2f> > markerCorners, cv::Mat marker_rvec, cv::Mat marker_tvec);
[2.291s]       | [01;36m[K^~~~~~~~~[m[K
[2.291s] [01m[K/home/spaaaaace/Code/ArUco/src/aruco/include/ArUco/aruco_mark.hpp:10:58:[m[K [01;36m[Knote: [m[K  no known conversion for argument 2 from ‚Äò[01m[Kvector<[01;32m[Kcv::Point_<float>[m[K>[m[K‚Äô to ‚Äò[01m[Kvector<[01;32m[Kstd::vector<cv::Point_<float> >[m[K>[m[K‚Äô
[2.291s]    10 | ArucoMark(int id, [01;36m[Kstd::vector<std::vector<cv::Point2f> > markerCorners[m[K, cv::Mat marker_rvec, cv::Mat marker_tvec);
[2.291s]       |                   [01;36m[K~~~~~~~~~~~~~~~~~~~~~~~~~~~~~~~~~~~~~~~^~~~~~~~~~~~~[m[K
[2.291s] [01m[K/home/spaaaaace/Code/ArUco/src/aruco/include/ArUco/aruco_mark.hpp:7:7:[m[K [01;36m[Knote: [m[Kcandidate: ‚Äò[01m[KArucoMark::ArucoMark(const ArucoMark&)[m[K‚Äô
[2.291s]     7 | class [01;36m[KArucoMark[m[K{
[2.291s]       |       [01;36m[K^~~~~~~~~[m[K
[2.291s] [01m[K/home/spaaaaace/Code/ArUco/src/aruco/include/ArUco/aruco_mark.hpp:7:7:[m[K [01;36m[Knote: [m[K  candidate expects 1 argument, 4 provided
[2.291s] [01m[K/home/spaaaaace/Code/ArUco/src/aruco/src/ArUco.cpp:117:67:[m[K [01;31m[Kerror: [m[Ka function-definition is not allowed here before ‚Äò[01m[K{[m[K‚Äô token
[2.291s]   117 |                         cv::Scalar color = cv::Scalar(0, 255, 0)) [01;31m[K{[m[K
[2.291s]       |                                                                   [01;31m[K^[m[K
[2.291s] [01m[K/home/spaaaaace/Code/ArUco/src/aruco/src/ArUco.cpp:141:85:[m[K [01;31m[Kerror: [m[Ka function-definition is not allowed here before ‚Äò[01m[K{[m[K‚Äô token
[2.291s]   141 | try_msgs::msg::Pose cvToPose(const cv::Mat &R_cv, const cv::Mat &t_cv) [01;31m[K{[m[K
[2.291s]       |                                                                        [01;31m[K^[m[K
[2.291s] 
[2.291s] [01m[K/home/spaaaaace/Code/ArUco/src/aruco/src/ArUco.cpp:179:19:[m[K [01;31m[Kerror: [m[Ka function-definition is not allowed here before ‚Äò[01m[K{[m[K‚Äô token
[2.291s]   179 |                 ) [01;31m[K{[m[K
[2.291s]       |                   [01;31m[K^[m[K
[2.291s] [01m[K/home/spaaaaace/Code/ArUco/src/aruco/src/ArUco.cpp:208:45:[m[K [01;31m[Kerror: [m[Ka function-definition is not allowed here before ‚Äò[01m[K{[m[K‚Äô token
[2.291s]   208 |         const std::string& child_frame_id ) [01;31m[K{[m[K
[2.291s]       |                                             [01;31m[K^[m[K
[2.291s] [01m[K/home/spaaaaace/Code/ArUco/src/aruco/src/ArUco.cpp:245:6:[m[K [01;31m[Kerror: [m[Ka function-definition is not allowed here before ‚Äò[01m[K{[m[K‚Äô token
[2.291s]   245 |      [01;31m[K{[m[K
[2.291s]       |      [01;31m[K^[m[K
[2.291s] [01m[K/home/spaaaaace/Code/ArUco/src/aruco/src/ArUco.cpp:363:1:[m[K [01;31m[Kerror: [m[Kexpected primary-expression before ‚Äò[01m[Kprivate[m[K‚Äô
[2.291s]   363 | [01;31m[Kprivate[m[K:
[2.292s]       | [01;31m[K^~~~~~~[m[K
[2.344s] [01m[K/home/spaaaaace/Code/ArUco/src/aruco/src/ArUco.cpp:384:28:[m[K [01;31m[Kerror: [m[Kdeclaration of ‚Äò[01m[Kstd::vector<ArucoMark*> aruco_marks[m[K‚Äô shadows a parameter
[2.344s]   384 |         vector<ArucoMark*> [01;31m[Karuco_marks[m[K;
[2.344s]       |                            [01;31m[K^~~~~~~~~~~[m[K
[2.344s] [01m[K/home/spaaaaace/Code/ArUco/src/aruco/src/ArUco.cpp:75:91:[m[K [01;36m[Knote: [m[K‚Äò[01m[Kstd::vector<ArucoMark>* aruco_marks[m[K‚Äô previously declared here
[2.344s]    75 |                    vector<int> markerIds, [01;36m[Kvector<ArucoMark> *aruco_marks[m[K) {
[2.344s]       |                                           [01;36m[K~~~~~~~~~~~~~~~~~~~^~~~~~~~~~~[m[K
[2.344s] 
[2.346s] [01m[K/home/spaaaaace/Code/ArUco/src/aruco/src/ArUco.cpp:371:16:[m[K [01;35m[Kwarning: [m[Kunused variable ‚Äò[01m[Kdt[m[K‚Äô [[01;35m[K]8;;https://gcc.gnu.org/onlinedocs/gcc/Warning-Options.html#index-Wunused-variable-Wunused-variable]8;;[m[K]
[2.346s]   371 |         double [01;35m[Kdt[m[K = 1.0f;
[2.346s]       |                [01;35m[K^~[m[K
[2.346s] [01m[K/home/spaaaaace/Code/ArUco/src/aruco/src/ArUco.cpp:372:15:[m[K [01;35m[Kwarning: [m[Kunused variable ‚Äò[01m[Kextrapolate_dt[m[K‚Äô [[01;35m[K]8;;https://gcc.gnu.org/onlinedocs/gcc/Warning-Options.html#index-Wunused-variable-Wunused-variable]8;;[m[K]
[2.347s]   372 |         float [01;35m[Kextrapolate_dt[m[K = 40.0f;
[2.347s]       |               [01;35m[K^~~~~~~~~~~~~~[m[K
[2.347s] [01m[K/home/spaaaaace/Code/ArUco/src/aruco/src/ArUco.cpp:374:16:[m[K [01;35m[Kwarning: [m[Kunused variable ‚Äò[01m[KmarkerLength[m[K‚Äô [[01;35m[K]8;;https://gcc.gnu.org/onlinedocs/gcc/Warning-Options.html#index-Wunused-variable-Wunused-variable]8;;[m[K]
[2.347s]   374 |         double [01;35m[KmarkerLength[m[K = 0.048;
[2.347s]       |                [01;35m[K^~~~~~~~~~~~[m[K
[2.347s] [01m[K/home/spaaaaace/Code/ArUco/src/aruco/src/ArUco.cpp:376:13:[m[K [01;35m[Kwarning: [m[Kunused variable ‚Äò[01m[Kstep[m[K‚Äô [[01;35m[K]8;;https://gcc.gnu.org/onlinedocs/gcc/Warning-Options.html#index-Wunused-variable-Wunused-variable]8;;[m[K]
[2.347s]   376 |         int [01;35m[Kstep[m[K = 0;
[2.347s]       |             [01;35m[K^~~~[m[K
[2.347s] [01m[K/home/spaaaaace/Code/ArUco/src/aruco/src/ArUco.cpp:378:16:[m[K [01;35m[Kwarning: [m[Kunused variable ‚Äò[01m[Kalpha_q[m[K‚Äô [[01;35m[K]8;;https://gcc.gnu.org/onlinedocs/gcc/Warning-Options.html#index-Wunused-variable-Wunused-variable]8;;[m[K]
[2.347s]   378 |         double [01;35m[Kalpha_q[m[K = 1e-5;
[2.347s]       |                [01;35m[K^~~~~~~[m[K
[2.348s] [01m[K/home/spaaaaace/Code/ArUco/src/aruco/src/ArUco.cpp:379:12:[m[K [01;35m[Kwarning: [m[Kunused variable ‚Äò[01m[Kalpha_r[m[K‚Äô [[01;35m[K]8;;https://gcc.gnu.org/onlinedocs/gcc/Warning-Options.html#index-Wunused-variable-Wunused-variable]8;;[m[K]
[2.348s]   379 |     double [01;35m[Kalpha_r[m[K = 1e-2;
[2.348s]       |            [01;35m[K^~~~~~~[m[K
[2.348s] [01m[K/home/spaaaaace/Code/ArUco/src/aruco/src/ArUco.cpp:381:19:[m[K [01;35m[Kwarning: [m[Kunused variable ‚Äò[01m[KstateSize[m[K‚Äô [[01;35m[K]8;;https://gcc.gnu.org/onlinedocs/gcc/Warning-Options.html#index-Wunused-variable-Wunused-variable]8;;[m[K]
[2.348s]   381 |         const int [01;35m[KstateSize[m[K = 6;  // [x, y, z, vx, vy, vz]
[2.348s]       |                   [01;35m[K^~~~~~~~~[m[K
[2.348s] [01m[K/home/spaaaaace/Code/ArUco/src/aruco/src/ArUco.cpp:382:19:[m[K [01;35m[Kwarning: [m[Kunused variable ‚Äò[01m[KmeasSize[m[K‚Äô [[01;35m[K]8;;https://gcc.gnu.org/onlinedocs/gcc/Warning-Options.html#index-Wunused-variable-Wunused-variable]8;;[m[K]
[2.348s]   382 |         const int [01;35m[KmeasSize[m[K = 3;   // [x, y, z] ËßÇÊµãÂè™Êµã‰ΩçÁΩÆ
[2.348s]       |                   [01;35m[K^~~~~~~~[m[K
[2.348s] [01m[K/home/spaaaaace/Code/ArUco/src/aruco/src/ArUco.cpp:[m[K At global scope:
[2.349s] [01m[K/home/spaaaaace/Code/ArUco/src/aruco/src/ArUco.cpp:393:2:[m[K [01;31m[Kerror: [m[Kexpected unqualified-id at end of input
[2.349s]   393 | }
[2.349s]       |  [01;31m[K^[m[K
[3.499s] gmake[2]: *** [CMakeFiles/ArUco.dir/build.make:76ÔºöCMakeFiles/ArUco.dir/src/ArUco.cpp.o] ÈîôËØØ 1
[3.499s] gmake[1]: *** [CMakeFiles/Makefile2:137ÔºöCMakeFiles/ArUco.dir/all] ÈîôËØØ 2
[3.499s] gmake: *** [Makefile:146Ôºöall] ÈîôËØØ 2
[3.501s] Invoked command in '/home/spaaaaace/Code/ArUco/build/ArUco' returned '2': CMAKE_PREFIX_PATH=${CMAKE_PREFIX_PATH}:/opt/ros/humble /usr/local/bin/cmake --build /home/spaaaaace/Code/ArUco/build/ArUco -- -j22 -l22
