[0.009s] Invoking command in '/home/spaaaaace/Code/ArUco/build/ArUco': CMAKE_PREFIX_PATH=${CMAKE_PREFIX_PATH}:/opt/ros/humble CONDA_PROMPT_MODIFIER=(vision) /usr/local/bin/cmake /home/spaaaaace/Code/ArUco/src/aruco -DCMAKE_INSTALL_PREFIX=/home/spaaaaace/Code/ArUco/install/ArUco
[0.017s] -- Found ament_cmake: 1.3.11 (/opt/ros/humble/share/ament_cmake/cmake)
[0.083s] -- Found rclcpp: 16.0.10 (/opt/ros/humble/share/rclcpp/cmake)
[0.117s] -- Found rosidl_generator_c: 3.1.5 (/opt/ros/humble/share/rosidl_generator_c/cmake)
[0.118s] -- Found rosidl_adapter: 3.1.5 (/opt/ros/humble/share/rosidl_adapter/cmake)
[0.126s] -- Found rosidl_generator_cpp: 3.1.5 (/opt/ros/humble/share/rosidl_generator_cpp/cmake)
[0.135s] -- Using all available rosidl_typesupport_c: rosidl_typesupport_fastrtps_c;rosidl_typesupport_introspection_c
[0.146s] -- Using all available rosidl_typesupport_cpp: rosidl_typesupport_fastrtps_cpp;rosidl_typesupport_introspection_cpp
[0.170s] -- Found rmw_implementation_cmake: 6.1.2 (/opt/ros/humble/share/rmw_implementation_cmake/cmake)
[0.171s] -- Found rmw_fastrtps_cpp: 6.2.7 (/opt/ros/humble/share/rmw_fastrtps_cpp/cmake)
[0.257s] -- Using RMW implementation 'rmw_fastrtps_cpp' as default
[0.296s] -- Found sensor_msgs: 4.2.4 (/opt/ros/humble/share/sensor_msgs/cmake)
[0.319s] -- Found cv_bridge: 3.2.1 (/opt/ros/humble/share/cv_bridge/cmake)
[0.321s] -- Found tf2: 0.25.12 (/opt/ros/humble/share/tf2/cmake)
[0.323s] -- Found tf2_ros: 0.25.12 (/opt/ros/humble/share/tf2_ros/cmake)
[0.393s] -- Found tf2_geometry_msgs: 0.25.8 (/opt/ros/humble/share/tf2_geometry_msgs/cmake)
[0.394s] -- Found eigen3_cmake_module: 0.1.1 (/opt/ros/humble/share/eigen3_cmake_module/cmake)
[0.395s] -- Ensuring Eigen3 include directory is part of orocos-kdl CMake target
[0.398s] -- Found ament_lint_auto: 0.12.11 (/opt/ros/humble/share/ament_lint_auto/cmake)
[0.439s] WARNING: Package name "ArUco" does not follow the naming conventions. It should start with a lower case letter and only contain lower case letters, digits, underscores, and dashes.
[0.465s] -- Added test 'cppcheck' to perform static code analysis on C / C++ code
[0.465s] -- Configured cppcheck include dirs: 
[0.465s] -- Configured cppcheck exclude dirs and/or files: 
[0.466s] -- Added test 'lint_cmake' to check CMake code style
[0.467s] -- Added test 'uncrustify' to check C / C++ code style
[0.467s] -- Configured uncrustify additional arguments: 
[0.467s] -- Added test 'xmllint' to check XML markup files
[0.467s] -- Configuring done (0.5s)
[0.476s] -- Generating done (0.0s)
[0.477s] -- Build files have been written to: /home/spaaaaace/Code/ArUco/build/ArUco
[0.483s] Invoked command in '/home/spaaaaace/Code/ArUco/build/ArUco' returned '0': CMAKE_PREFIX_PATH=${CMAKE_PREFIX_PATH}:/opt/ros/humble CONDA_PROMPT_MODIFIER=(vision) /usr/local/bin/cmake /home/spaaaaace/Code/ArUco/src/aruco -DCMAKE_INSTALL_PREFIX=/home/spaaaaace/Code/ArUco/install/ArUco
[0.485s] Invoking command in '/home/spaaaaace/Code/ArUco/build/ArUco': CMAKE_PREFIX_PATH=${CMAKE_PREFIX_PATH}:/opt/ros/humble CONDA_PROMPT_MODIFIER=(vision) /usr/local/bin/cmake --build /home/spaaaaace/Code/ArUco/build/ArUco -- -j22 -l22
[0.504s] [ 50%] [32mBuilding CXX object CMakeFiles/ArUco.dir/src/ArUco.cpp.o[0m
[2.717s] [01m[K/home/spaaaaace/Code/ArUco/src/aruco/src/ArUco.cpp:[m[K In function â€˜[01m[Kvoid draw_aruco_target(std::vector<int>, std::vector<std::vector<cv::Point_<float> > >, cv::Mat&)[m[Kâ€™:
[2.717s] [01m[K/home/spaaaaace/Code/ArUco/src/aruco/src/ArUco.cpp:25:27:[m[K [01;35m[Kwarning: [m[Kcomparison of integer expressions of different signedness: â€˜[01m[Kint[m[Kâ€™ and â€˜[01m[Kstd::vector<std::vector<cv::Point_<float> > >::size_type[m[Kâ€™ {aka â€˜[01m[Klong unsigned int[m[Kâ€™} [[01;35m[K]8;;https://gcc.gnu.org/onlinedocs/gcc/Warning-Options.html#index-Wsign-compare-Wsign-compare]8;;[m[K]
[2.717s]    25 |         for (int i = 0; [01;35m[Ki < markerCorners.size()[m[K; i++) {
[2.717s]       |                         [01;35m[K~~^~~~~~~~~~~~~~~~~~~~~~[m[K
[2.718s] [01m[K/home/spaaaaace/Code/ArUco/src/aruco/src/ArUco.cpp:29:35:[m[K [01;35m[Kwarning: [m[Kcomparison of integer expressions of different signedness: â€˜[01m[Kint[m[Kâ€™ and â€˜[01m[Kstd::vector<cv::Point_<float> >::size_type[m[Kâ€™ {aka â€˜[01m[Klong unsigned int[m[Kâ€™} [[01;35m[K]8;;https://gcc.gnu.org/onlinedocs/gcc/Warning-Options.html#index-Wsign-compare-Wsign-compare]8;;[m[K]
[2.718s]    29 |                 for (int j = 0; [01;35m[Kj < markerCorners[i].size()[m[K; j++) {
[2.718s]       |                                 [01;35m[K~~^~~~~~~~~~~~~~~~~~~~~~~~~[m[K
[2.719s] [01m[K/home/spaaaaace/Code/ArUco/src/aruco/src/ArUco.cpp:[m[K In function â€˜[01m[Kbool solve_pnp(cv::Mat, cv::Mat, std::vector<cv::Point3_<float> >, const std::vector<std::vector<cv::Point_<float> > >&, std::vector<cv::Mat>&, std::vector<cv::Mat>&)[m[Kâ€™:
[2.719s] [01m[K/home/spaaaaace/Code/ArUco/src/aruco/src/ArUco.cpp:54:27:[m[K [01;35m[Kwarning: [m[Kcomparison of integer expressions of different signedness: â€˜[01m[Kint[m[Kâ€™ and â€˜[01m[Kstd::vector<std::vector<cv::Point_<float> > >::size_type[m[Kâ€™ {aka â€˜[01m[Klong unsigned int[m[Kâ€™} [[01;35m[K]8;;https://gcc.gnu.org/onlinedocs/gcc/Warning-Options.html#index-Wsign-compare-Wsign-compare]8;;[m[K]
[2.719s]    54 |         for (int i = 0; [01;35m[Ki < markerCorners.size()[m[K; i++) {
[2.719s]       |                         [01;35m[K~~^~~~~~~~~~~~~~~~~~~~~~[m[K
[2.777s] [01m[K/home/spaaaaace/Code/ArUco/src/aruco/src/ArUco.cpp:[m[K At global scope:
[2.778s] [01m[K/home/spaaaaace/Code/ArUco/src/aruco/src/ArUco.cpp:189:34:[m[K [01;31m[Kerror: [m[Kâ€˜[01m[KStaticTransformBroadcaster[m[Kâ€™ is not a member of â€˜[01m[Ktf2_ros[m[Kâ€™; did you mean â€˜[01m[KTransformBroadcaster[m[Kâ€™?
[2.778s]   189 |         std::shared_ptr<tf2_ros::[01;31m[KStaticTransformBroadcaster[m[K> static_broadcaster_ =
[2.778s]       |                                  [01;31m[K^~~~~~~~~~~~~~~~~~~~~~~~~~[m[K
[2.778s]       |                                  [32m[KTransformBroadcaster[m[K
[2.778s] [01m[K/home/spaaaaace/Code/ArUco/src/aruco/src/ArUco.cpp:189:60:[m[K [01;31m[Kerror: [m[Ktemplate argument 1 is invalid
[2.778s]   189 |         std::shared_ptr<tf2_ros::StaticTransformBroadcaster[01;31m[K>[m[K static_broadcaster_ =
[2.778s]       |                                                            [01;31m[K^[m[K
[2.778s] [01m[K/home/spaaaaace/Code/ArUco/src/aruco/src/ArUco.cpp:190:35:[m[K [01;31m[Kerror: [m[Kâ€˜[01m[KStaticTransformBroadcaster[m[Kâ€™ is not a member of â€˜[01m[Ktf2_ros[m[Kâ€™; did you mean â€˜[01m[KTransformBroadcaster[m[Kâ€™?
[2.778s]   190 |         std::make_shared<tf2_ros::[01;31m[KStaticTransformBroadcaster[m[K>(this);
[2.778s]       |                                   [01;31m[K^~~~~~~~~~~~~~~~~~~~~~~~~~[m[K
[2.778s]       |                                   [32m[KTransformBroadcaster[m[K
[2.778s] [01m[K/home/spaaaaace/Code/ArUco/src/aruco/src/ArUco.cpp:190:62:[m[K [01;31m[Kerror: [m[Kno matching function for call to â€˜[01m[Kmake_shared<<expression error> >(ArucoDetect*)[m[Kâ€™
[2.778s]   190 |         [01;31m[Kstd::make_shared<tf2_ros::StaticTransformBroadcaster>(this)[m[K;
[2.778s]       |         [01;31m[K~~~~~~~~~~~~~~~~~~~~~~~~~~~~~~~~~~~~~~~~~~~~~~~~~~~~~^~~~~~[m[K
[2.778s] In file included from [01m[K/usr/include/c++/11/memory:77[m[K,
[2.778s]                  from [01m[K/opt/ros/humble/include/rclcpp/rclcpp/rclcpp.hpp:153[m[K,
[2.778s]                  from [01m[K/home/spaaaaace/Code/ArUco/src/aruco/src/ArUco.cpp:1[m[K:
[2.779s] [01m[K/usr/include/c++/11/bits/shared_ptr.h:875:5:[m[K [01;36m[Knote: [m[Kcandidate: â€˜[01m[Ktemplate<class _Tp, class ... _Args> std::shared_ptr<_Tp> std::make_shared(_Args&& ...)[m[Kâ€™
[2.779s]   875 |     [01;36m[Kmake_shared[m[K(_Args&&... __args)
[2.779s]       |     [01;36m[K^~~~~~~~~~~[m[K
[2.779s] [01m[K/usr/include/c++/11/bits/shared_ptr.h:875:5:[m[K [01;36m[Knote: [m[K  template argument deduction/substitution failed:
[2.779s] [01m[K/home/spaaaaace/Code/ArUco/src/aruco/src/ArUco.cpp:190:62:[m[K [01;31m[Kerror: [m[Ktemplate argument 1 is invalid
[2.779s]   190 |         [01;31m[Kstd::make_shared<tf2_ros::StaticTransformBroadcaster>(this)[m[K;
[2.779s]       |         [01;31m[K~~~~~~~~~~~~~~~~~~~~~~~~~~~~~~~~~~~~~~~~~~~~~~~~~~~~~^~~~~~[m[K
[2.794s] [01m[K/home/spaaaaace/Code/ArUco/src/aruco/src/ArUco.cpp:[m[K In member function â€˜[01m[Kvoid ArucoDetect::imageCallback(sensor_msgs::msg::Image_<std::allocator<void> >::SharedPtr)[m[Kâ€™:
[2.795s] [01m[K/home/spaaaaace/Code/ArUco/src/aruco/src/ArUco.cpp:147:51:[m[K [01;35m[Kwarning: [m[Kcomparison of integer expressions of different signedness: â€˜[01m[Kint[m[Kâ€™ and â€˜[01m[Kstd::vector<cv::Mat>::size_type[m[Kâ€™ {aka â€˜[01m[Klong unsigned int[m[Kâ€™} [[01;35m[K]8;;https://gcc.gnu.org/onlinedocs/gcc/Warning-Options.html#index-Wsign-compare-Wsign-compare]8;;[m[K]
[2.795s]   147 |                                 for (int i = 0; [01;35m[Ki < rvec.size()[m[K; i++) {
[2.795s]       |                                                 [01;35m[K~~^~~~~~~~~~~~~[m[K
[2.804s] [01m[K/home/spaaaaace/Code/ArUco/src/aruco/src/ArUco.cpp:152:61:[m[K [01;31m[Kerror: [m[Kno matching function for call to â€˜[01m[KEigen::Quaternion<double>::Quaternion(__gnu_cxx::__alloc_traits<std::allocator<cv::Mat>, cv::Mat>::value_type&)[m[Kâ€™
[2.805s]   152 |                                 Eigen::Quaterniond q(rvec[i][01;31m[K)[m[K;
[2.805s]       |                                                             [01;31m[K^[m[K
[2.805s] In file included from [01m[K/usr/local/include/eigen3/Eigen/Geometry:42[m[K,
[2.805s]                  from [01m[K/home/spaaaaace/Code/ArUco/src/aruco/src/ArUco.cpp:9[m[K:
[2.805s] [01m[K/usr/local/include/eigen3/Eigen/src/Geometry/Quaternion.h:317:37:[m[K [01;36m[Knote: [m[Kcandidate: â€˜[01m[Ktemplate<class OtherScalar, int OtherOptions> Eigen::Quaternion<Scalar, Options>::Quaternion(const Eigen::Quaternion<OtherScalar, OtherOptions>&) [with OtherScalar = OtherScalar; int OtherOptions = OtherOptions; _Scalar = double; int _Options = 0][m[Kâ€™
[2.805s]   317 |   EIGEN_DEVICE_FUNC explicit inline [01;36m[KQuaternion[m[K(const Quaternion<OtherScalar, OtherOptions>& other)
[2.805s]       |                                     [01;36m[K^~~~~~~~~~[m[K
[2.805s] [01m[K/usr/local/include/eigen3/Eigen/src/Geometry/Quaternion.h:317:37:[m[K [01;36m[Knote: [m[K  template argument deduction/substitution failed:
[2.805s] [01m[K/home/spaaaaace/Code/ArUco/src/aruco/src/ArUco.cpp:152:61:[m[K [01;36m[Knote: [m[K  â€˜[01m[K__gnu_cxx::__alloc_traits<std::allocator<cv::Mat>, cv::Mat>::value_type[m[Kâ€™ {aka â€˜[01m[Kcv::Mat[m[Kâ€™} is not derived from â€˜[01m[Kconst Eigen::Quaternion<_Scalar, _Options>[m[Kâ€™
[2.805s]   152 |                                 Eigen::Quaterniond q(rvec[i][01;36m[K)[m[K;
[2.805s]       |                                                             [01;36m[K^[m[K
[2.805s] In file included from [01m[K/usr/local/include/eigen3/Eigen/Geometry:42[m[K,
[2.805s]                  from [01m[K/home/spaaaaace/Code/ArUco/src/aruco/src/ArUco.cpp:9[m[K:
[2.805s] [01m[K/usr/local/include/eigen3/Eigen/src/Geometry/Quaternion.h:313:37:[m[K [01;36m[Knote: [m[Kcandidate: â€˜[01m[Ktemplate<class Derived> Eigen::Quaternion<Scalar, Options>::Quaternion(const Eigen::MatrixBase<OtherDerived>&) [with Derived = Derived; _Scalar = double; int _Options = 0][m[Kâ€™
[2.806s]   313 |   EIGEN_DEVICE_FUNC explicit inline [01;36m[KQuaternion[m[K(const MatrixBase<Derived>& other) { *this = other; }
[2.806s]       |                                     [01;36m[K^~~~~~~~~~[m[K
[2.806s] [01m[K/usr/local/include/eigen3/Eigen/src/Geometry/Quaternion.h:313:37:[m[K [01;36m[Knote: [m[K  template argument deduction/substitution failed:
[2.806s] [01m[K/home/spaaaaace/Code/ArUco/src/aruco/src/ArUco.cpp:152:61:[m[K [01;36m[Knote: [m[K  â€˜[01m[K__gnu_cxx::__alloc_traits<std::allocator<cv::Mat>, cv::Mat>::value_type[m[Kâ€™ {aka â€˜[01m[Kcv::Mat[m[Kâ€™} is not derived from â€˜[01m[Kconst Eigen::MatrixBase<Derived>[m[Kâ€™
[2.806s]   152 |                                 Eigen::Quaterniond q(rvec[i][01;36m[K)[m[K;
[2.806s]       |                                                             [01;36m[K^[m[K
[2.806s] In file included from [01m[K/usr/local/include/eigen3/Eigen/Geometry:42[m[K,
[2.806s]                  from [01m[K/home/spaaaaace/Code/ArUco/src/aruco/src/ArUco.cpp:9[m[K:
[2.806s] [01m[K/usr/local/include/eigen3/Eigen/src/Geometry/Quaternion.h:303:65:[m[K [01;36m[Knote: [m[Kcandidate: â€˜[01m[Ktemplate<class Derived> Eigen::Quaternion<Scalar, Options>::Quaternion(const Eigen::QuaternionBase<OtherDerived>&) [with Derived = Derived; _Scalar = double; int _Options = 0][m[Kâ€™
[2.806s]   303 | mplate<class Derived> EIGEN_DEVICE_FUNC EIGEN_STRONG_INLINE [01;36m[KQuaternion[m[K(const QuaternionBase<Derived>& other) { this->Base::operator=(other); }
[2.806s]       |                                                             [01;36m[K^~~~~~~~~~[m[K
[2.806s] 
[2.806s] [01m[K/usr/local/include/eigen3/Eigen/src/Geometry/Quaternion.h:303:65:[m[K [01;36m[Knote: [m[K  template argument deduction/substitution failed:
[2.806s] [01m[K/home/spaaaaace/Code/ArUco/src/aruco/src/ArUco.cpp:152:61:[m[K [01;36m[Knote: [m[K  â€˜[01m[K__gnu_cxx::__alloc_traits<std::allocator<cv::Mat>, cv::Mat>::value_type[m[Kâ€™ {aka â€˜[01m[Kcv::Mat[m[Kâ€™} is not derived from â€˜[01m[Kconst Eigen::QuaternionBase<Derived>[m[Kâ€™
[2.806s]   152 |                                 Eigen::Quaterniond q(rvec[i][01;36m[K)[m[K;
[2.806s]       |                                                             [01;36m[K^[m[K
[2.806s] In file included from [01m[K/usr/local/include/eigen3/Eigen/Geometry:42[m[K,
[2.806s]                  from [01m[K/home/spaaaaace/Code/ArUco/src/aruco/src/ArUco.cpp:9[m[K:
[2.806s] [01m[K/usr/local/include/eigen3/Eigen/src/Geometry/Quaternion.h:323:28:[m[K [01;36m[Knote: [m[Kcandidate: â€˜[01m[KEigen::Quaternion<Scalar, Options>::Quaternion(Eigen::Quaternion<Scalar, Options>&&) [with _Scalar = double; int _Options = 0][m[Kâ€™
[2.806s]   323 |   EIGEN_DEVICE_FUNC inline [01;36m[KQuaternion[m[K(Quaternion&& other) EIGEN_NOEXCEPT_IF(std::is_nothrow_move_constructible<Scalar>::value)
[2.806s]       |                            [01;36m[K^~~~~~~~~~[m[K
[2.806s] [01m[K/usr/local/include/eigen3/Eigen/src/Geometry/Quaternion.h:323:52:[m[K [01;36m[Knote: [m[K  no known conversion for argument 1 from â€˜[01m[K__gnu_cxx::__alloc_traits<std::allocator<cv::Mat>, cv::Mat>::value_type[m[Kâ€™ {aka â€˜[01m[Kcv::Mat[m[Kâ€™} to â€˜[01m[KEigen::Quaternion<double>&&[m[Kâ€™
[2.806s]   323 |   EIGEN_DEVICE_FUNC inline Quaternion([01;36m[KQuaternion&& other[m[K) EIGEN_NOEXCEPT_IF(std::is_nothrow_move_constructible<Scalar>::value)
[2.806s]       |                                       [01;36m[K~~~~~~~~~~~~~^~~~~[m[K
[2.806s] [01m[K/usr/local/include/eigen3/Eigen/src/Geometry/Quaternion.h:306:37:[m[K [01;36m[Knote: [m[Kcandidate: â€˜[01m[KEigen::Quaternion<Scalar, Options>::Quaternion(const AngleAxisType&) [with _Scalar = double; int _Options = 0; Eigen::Quaternion<Scalar, Options>::AngleAxisType = Eigen::AngleAxis<double>][m[Kâ€™
[2.806s]   306 |   EIGEN_DEVICE_FUNC explicit inline [01;36m[KQuaternion[m[K(const AngleAxisType& aa) { *this = aa; }
[2.806s]       |                                     [01;36m[K^~~~~~~~~~[m[K
[2.806s] [01m[K/usr/local/include/eigen3/Eigen/src/Geometry/Quaternion.h:306:69:[m[K [01;36m[Knote: [m[K  no known conversion for argument 1 from â€˜[01m[K__gnu_cxx::__alloc_traits<std::allocator<cv::Mat>, cv::Mat>::value_type[m[Kâ€™ {aka â€˜[01m[Kcv::Mat[m[Kâ€™} to â€˜[01m[Kconst AngleAxisType&[m[Kâ€™ {aka â€˜[01m[Kconst Eigen::AngleAxis<double>&[m[Kâ€™}
[2.807s]   306 | DEVICE_FUNC explicit inline Quaternion([01;36m[Kconst AngleAxisType& aa[m[K) { *this = aa; }
[2.807s]       |                                        [01;36m[K~~~~~~~~~~~~~~~~~~~~~^~[m[K
[2.807s] 
[2.807s] [01m[K/usr/local/include/eigen3/Eigen/src/Geometry/Quaternion.h:300:37:[m[K [01;36m[Knote: [m[Kcandidate: â€˜[01m[KEigen::Quaternion<Scalar, Options>::Quaternion(const Scalar*) [with _Scalar = double; int _Options = 0; Eigen::Quaternion<Scalar, Options>::Scalar = double][m[Kâ€™
[2.807s]   300 |   EIGEN_DEVICE_FUNC explicit inline [01;36m[KQuaternion[m[K(const Scalar* data) : m_coeffs(data) {}
[2.807s]       |                                     [01;36m[K^~~~~~~~~~[m[K
[2.807s] [01m[K/usr/local/include/eigen3/Eigen/src/Geometry/Quaternion.h:300:62:[m[K [01;36m[Knote: [m[K  no known conversion for argument 1 from â€˜[01m[K__gnu_cxx::__alloc_traits<std::allocator<cv::Mat>, cv::Mat>::value_type[m[Kâ€™ {aka â€˜[01m[Kcv::Mat[m[Kâ€™} to â€˜[01m[Kconst Scalar*[m[Kâ€™ {aka â€˜[01m[Kconst double*[m[Kâ€™}
[2.807s]   300 |  EIGEN_DEVICE_FUNC explicit inline Quaternion([01;36m[Kconst Scalar* data[m[K) : m_coeffs(data) {}
[2.807s]       |                                               [01;36m[K~~~~~~~~~~~~~~^~~~[m[K
[2.807s] 
[2.807s] [01m[K/usr/local/include/eigen3/Eigen/src/Geometry/Quaternion.h:297:28:[m[K [01;36m[Knote: [m[Kcandidate: â€˜[01m[KEigen::Quaternion<Scalar, Options>::Quaternion(const Scalar&, const Scalar&, const Scalar&, const Scalar&) [with _Scalar = double; int _Options = 0; Eigen::Quaternion<Scalar, Options>::Scalar = double][m[Kâ€™
[2.807s]   297 |   EIGEN_DEVICE_FUNC inline [01;36m[KQuaternion[m[K(const Scalar& w, const Scalar& x, const Scalar& y, const Scalar& z) : m_coeffs(x, y, z, w){}
[2.807s]       |                            [01;36m[K^~~~~~~~~~[m[K
[2.807s] [01m[K/usr/local/include/eigen3/Eigen/src/Geometry/Quaternion.h:297:28:[m[K [01;36m[Knote: [m[K  candidate expects 4 arguments, 1 provided
[2.807s] [01m[K/usr/local/include/eigen3/Eigen/src/Geometry/Quaternion.h:288:28:[m[K [01;36m[Knote: [m[Kcandidate: â€˜[01m[KEigen::Quaternion<Scalar, Options>::Quaternion() [with _Scalar = double; int _Options = 0][m[Kâ€™
[2.807s]   288 |   EIGEN_DEVICE_FUNC inline [01;36m[KQuaternion[m[K() {}
[2.807s]       |                            [01;36m[K^~~~~~~~~~[m[K
[2.807s] [01m[K/usr/local/include/eigen3/Eigen/src/Geometry/Quaternion.h:288:28:[m[K [01;36m[Knote: [m[K  candidate expects 0 arguments, 1 provided
[2.807s] In file included from [01m[K/usr/local/include/eigen3/Eigen/Core:19[m[K,
[2.807s]                  from [01m[K/usr/local/include/eigen3/Eigen/Geometry:11[m[K,
[2.807s]                  from [01m[K/home/spaaaaace/Code/ArUco/src/aruco/src/ArUco.cpp:9[m[K:
[2.807s] [01m[K/usr/local/include/eigen3/Eigen/src/Geometry/Quaternion.h:281:3:[m[K [01;36m[Knote: [m[Kcandidate: â€˜[01m[KEigen::Quaternion<Scalar, Options>::Quaternion(const Eigen::Quaternion<Scalar, Options>&) [with _Scalar = double; int _Options = 0][m[Kâ€™
[2.807s]   281 |   [01;36m[KEIGEN_INHERIT_ASSIGNMENT_OPERATORS[m[K(Quaternion)
[2.807s]       |   [01;36m[K^~~~~~~~~~~~~~~~~~~~~~~~~~~~~~~~~~[m[K
[2.807s] [01m[K/usr/local/include/eigen3/Eigen/src/Geometry/Quaternion.h:281:3:[m[K [01;36m[Knote: [m[K  no known conversion for argument 1 from â€˜[01m[K__gnu_cxx::__alloc_traits<std::allocator<cv::Mat>, cv::Mat>::value_type[m[Kâ€™ {aka â€˜[01m[Kcv::Mat[m[Kâ€™} to â€˜[01m[Kconst Eigen::Quaternion<double>&[m[Kâ€™
[2.807s]   281 |   [01;36m[KEIGEN_INHERIT_ASSIGNMENT_OPERATORS[m[K(Quaternion)
[2.807s]       |   [01;36m[K^~~~~~~~~~~~~~~~~~~~~~~~~~~~~~~~~~[m[K
[2.808s] [01m[K/home/spaaaaace/Code/ArUco/src/aruco/src/ArUco.cpp:161:85:[m[K [01;31m[Kerror: [m[Kexpected primary-expression before â€˜[01m[Kdouble[m[Kâ€™
[2.808s]   161 |         transform_stamped.transform.translation.x = tvec.at<[01;31m[Kdouble[m[K>(0);
[2.808s]       |                                                             [01;31m[K^~~~~~[m[K
[2.808s] 
[2.808s] [01m[K/home/spaaaaace/Code/ArUco/src/aruco/src/ArUco.cpp:162:85:[m[K [01;31m[Kerror: [m[Kexpected primary-expression before â€˜[01m[Kdouble[m[Kâ€™
[2.808s]   162 |         transform_stamped.transform.translation.y = tvec.at<[01;31m[Kdouble[m[K>(1);
[2.808s]       |                                                             [01;31m[K^~~~~~[m[K
[2.808s] 
[2.808s] [01m[K/home/spaaaaace/Code/ArUco/src/aruco/src/ArUco.cpp:163:85:[m[K [01;31m[Kerror: [m[Kexpected primary-expression before â€˜[01m[Kdouble[m[Kâ€™
[2.808s]   163 |         transform_stamped.transform.translation.z = tvec.at<[01;31m[Kdouble[m[K>(2);
[2.808s]       |                                                             [01;31m[K^~~~~~[m[K
[2.808s] 
[2.808s] [01m[K/home/spaaaaace/Code/ArUco/src/aruco/src/ArUco.cpp:172:52:[m[K [01;31m[Kerror: [m[Kbase operand of â€˜[01m[K->[m[Kâ€™ is not a pointer
[2.808s]   172 |                                 static_broadcaster_[01;31m[K->[m[KsendTransform(transform_stamped);
[2.808s]       |                                                    [01;31m[K^~[m[K
[4.665s] [01m[K/home/spaaaaace/Code/ArUco/src/aruco/src/ArUco.cpp:[m[K In function â€˜[01m[Kbool solve_pnp(cv::Mat, cv::Mat, std::vector<cv::Point3_<float> >, const std::vector<std::vector<cv::Point_<float> > >&, std::vector<cv::Mat>&, std::vector<cv::Mat>&)[m[Kâ€™:
[4.665s] [01m[K/home/spaaaaace/Code/ArUco/src/aruco/src/ArUco.cpp:64:1:[m[K [01;35m[Kwarning: [m[Kcontrol reaches end of non-void function [[01;35m[K]8;;https://gcc.gnu.org/onlinedocs/gcc/Warning-Options.html#index-Wreturn-type-Wreturn-type]8;;[m[K]
[4.665s]    64 | [01;35m[K}[m[K
[4.665s]       | [01;35m[K^[m[K
[4.824s] gmake[2]: *** [CMakeFiles/ArUco.dir/build.make:76ï¼šCMakeFiles/ArUco.dir/src/ArUco.cpp.o] é”™è¯¯ 1
[4.824s] gmake[1]: *** [CMakeFiles/Makefile2:137ï¼šCMakeFiles/ArUco.dir/all] é”™è¯¯ 2
[4.824s] gmake: *** [Makefile:146ï¼šall] é”™è¯¯ 2
[4.827s] Invoked command in '/home/spaaaaace/Code/ArUco/build/ArUco' returned '2': CMAKE_PREFIX_PATH=${CMAKE_PREFIX_PATH}:/opt/ros/humble CONDA_PROMPT_MODIFIER=(vision) /usr/local/bin/cmake --build /home/spaaaaace/Code/ArUco/build/ArUco -- -j22 -l22
