WARNING: Package name "ArUco" does not follow the naming conventions. It should start with a lower case letter and only contain lower case letters, digits, underscores, and dashes.
In file included from [01m[K/home/spaaaaace/Code/ArUco/src/aruco/src/aruco_mark.cpp:1[m[K:
[01m[K/home/spaaaaace/Code/ArUco/src/aruco/include/ArUco/aruco_mark.hpp:4:10:[m[K [01;31m[Kfatal error: [m[Kopencv4/opencv2.hpp: æ²¡æœ‰é‚£ä¸ªæ–‡ä»¶æˆ–ç›®å½•
    4 | #include [01;31m[K<opencv4/opencv2.hpp>[m[K
      |          [01;31m[K^~~~~~~~~~~~~~~~~~~~~[m[K
compilation terminated.
gmake[2]: *** [CMakeFiles/ArUco.dir/build.make:104ï¼šCMakeFiles/ArUco.dir/src/aruco_mark.cpp.o] é”™è¯¯ 1
gmake[2]: *** æ­£åœ¨ç­‰å¾…æœªå®Œæˆçš„ä»»åŠ¡....
In file included from [01m[K/home/spaaaaace/Code/ArUco/src/aruco/src/ArUco.cpp:18[m[K:
[01m[K/home/spaaaaace/Code/ArUco/src/aruco/include/ArUco/aruco_mark.hpp:4:10:[m[K [01;31m[Kfatal error: [m[Kopencv4/opencv2.hpp: æ²¡æœ‰é‚£ä¸ªæ–‡ä»¶æˆ–ç›®å½•
    4 | #include [01;31m[K<opencv4/opencv2.hpp>[m[K
      |          [01;31m[K^~~~~~~~~~~~~~~~~~~~~[m[K
compilation terminated.
gmake[2]: *** [CMakeFiles/ArUco.dir/build.make:76ï¼šCMakeFiles/ArUco.dir/src/ArUco.cpp.o] é”™è¯¯ 1
gmake[1]: *** [CMakeFiles/Makefile2:137ï¼šCMakeFiles/ArUco.dir/all] é”™è¯¯ 2
gmake: *** [Makefile:146ï¼šall] é”™è¯¯ 2
