[0.009s] Invoking command in '/home/spaaaaace/Code/ArUco/build/ArUco': CMAKE_PREFIX_PATH=${CMAKE_PREFIX_PATH}:/opt/ros/humble /usr/local/bin/cmake --build /home/spaaaaace/Code/ArUco/build/ArUco -- -j22 -l22
[0.043s] [ 25%] [32mBuilding CXX object CMakeFiles/ArUco.dir/src/ArUco.cpp.o[0m
[0.043s] [ 50%] [32mBuilding CXX object CMakeFiles/ArUco.dir/src/aruco_mark.cpp.o[0m
[0.160s] In file included from [01m[K/home/spaaaaace/Code/ArUco/src/aruco/src/aruco_mark.cpp:1[m[K:
[0.160s] [01m[K/home/spaaaaace/Code/ArUco/src/aruco/include/ArUco/aruco_mark.hpp:1:[m[K [01;31m[Kerror: [m[Kunterminated #ifndef
[0.160s]     1 | #ifndef ARUCO_MARK_HPP
[0.160s]       | 
[0.290s] In file included from [01m[K/home/spaaaaace/Code/ArUco/src/aruco/src/ArUco.cpp:18[m[K:
[0.290s] [01m[K/home/spaaaaace/Code/ArUco/src/aruco/include/ArUco/aruco_mark.hpp:1:[m[K [01;31m[Kerror: [m[Kunterminated #ifndef
[0.290s]     1 | #ifndef ARUCO_MARK_HPP
[0.290s]       | 
[0.780s] In file included from [01m[K/home/spaaaaace/Code/ArUco/src/aruco/src/aruco_mark.cpp:1[m[K:
[0.780s] [01m[K/home/spaaaaace/Code/ArUco/src/aruco/include/ArUco/aruco_mark.hpp:27:20:[m[K [01;31m[Kerror: [m[Kexpected ‘[01m[K;[m[K’ at end of member declaration
[0.780s]    27 |     int measSize = [01;31m[K3[m[K
[0.780s]       |                    [01;31m[K^[m[K
[0.780s]       |                     [32m[K;[m[K
[0.780s] [01m[K/home/spaaaaace/Code/ArUco/src/aruco/include/ArUco/aruco_mark.hpp:25:5:[m[K [01;31m[Kerror: [m[Kexpected ‘[01m[K;[m[K’ before ‘[01m[Kdouble[m[K’
[0.780s]    25 |     [01;31m[Kdouble[m[K alpha_r = 1e-2
[0.780s]       |     [01;31m[K^~~~~~[m[K
[0.780s] [01m[K/home/spaaaaace/Code/ArUco/src/aruco/include/ArUco/aruco_mark.hpp:7:1:[m[K [01;31m[Kerror: [m[Knew types may not be defined in a return type
[0.780s]     7 | [01;31m[Kclass[m[K ArucoMark{
[0.780s]       | [01;31m[K^~~~~[m[K
[0.780s] [01m[K/home/spaaaaace/Code/ArUco/src/aruco/include/ArUco/aruco_mark.hpp:7:1:[m[K [01;36m[Knote: [m[K(perhaps a semicolon is missing after the definition of ‘[01m[KArucoMark[m[K’)
[0.780s] [01m[K/home/spaaaaace/Code/ArUco/src/aruco/include/ArUco/aruco_mark.hpp:7:1:[m[K [01;31m[Kerror: [m[Kreturn type specification for constructor invalid
[0.784s] [01m[K/home/spaaaaace/Code/ArUco/src/aruco/src/aruco_mark.cpp:[m[K In constructor ‘[01m[KArucoMark::ArucoMark(int, std::vector<std::vector<cv::Point_<float> > >, cv::Mat, cv::Mat)[m[K’:
[0.784s] [01m[K/home/spaaaaace/Code/ArUco/src/aruco/src/aruco_mark.cpp:8:34:[m[K [01;31m[Kerror: [m[K‘[01m[Kalpha_r[m[K’ was not declared in this scope; did you mean ‘[01m[Kalpha_q[m[K’?
[0.784s]     8 |     this->ekf = new EKF(alpha_q, [01;31m[Kalpha_r[m[K, stateSize, measSize);
[0.784s]       |                                  [01;31m[K^~~~~~~[m[K
[0.784s]       |                                  [32m[Kalpha_q[m[K
[0.787s] [01m[K/home/spaaaaace/Code/ArUco/src/aruco/src/aruco_mark.cpp:8:43:[m[K [01;31m[Kerror: [m[K‘[01m[KstateSize[m[K’ was not declared in this scope
[0.787s]     8 |     this->ekf = new EKF(alpha_q, alpha_r, [01;31m[KstateSize[m[K, measSize);
[0.787s]       |                                           [01;31m[K^~~~~~~~~[m[K
[0.791s] [01m[K/home/spaaaaace/Code/ArUco/src/aruco/src/aruco_mark.cpp:8:54:[m[K [01;31m[Kerror: [m[K‘[01m[KmeasSize[m[K’ was not declared in this scope
[0.791s]     8 |     this->ekf = new EKF(alpha_q, alpha_r, stateSize, [01;31m[KmeasSize[m[K);
[0.791s]       |                                                      [01;31m[K^~~~~~~~[m[K
[1.083s] gmake[2]: *** [CMakeFiles/ArUco.dir/build.make:104：CMakeFiles/ArUco.dir/src/aruco_mark.cpp.o] 错误 1
[1.083s] gmake[2]: *** 正在等待未完成的任务....
[2.289s] [01m[K/home/spaaaaace/Code/ArUco/src/aruco/include/ArUco/aruco_mark.hpp:27:20:[m[K [01;31m[Kerror: [m[Kexpected ‘[01m[K;[m[K’ at end of member declaration
[2.289s]    27 |     int measSize = [01;31m[K3[m[K
[2.289s]       |                    [01;31m[K^[m[K
[2.289s]       |                     [32m[K;[m[K
[2.289s] [01m[K/home/spaaaaace/Code/ArUco/src/aruco/include/ArUco/aruco_mark.hpp:30:2:[m[K [01;31m[Kerror: [m[Kexpected ‘[01m[K;[m[K’ after class definition
[2.289s]    30 | }
[2.289s]       |  [01;31m[K^[m[K
[2.289s]       |  [32m[K;[m[K
[2.289s] [01m[K/home/spaaaaace/Code/ArUco/src/aruco/include/ArUco/aruco_mark.hpp:25:5:[m[K [01;31m[Kerror: [m[Kexpected ‘[01m[K;[m[K’ before ‘[01m[Kdouble[m[K’
[2.289s]    25 |     [01;31m[Kdouble[m[K alpha_r = 1e-2
[2.289s]       |     [01;31m[K^~~~~~[m[K
[2.289s] [01m[K/home/spaaaaace/Code/ArUco/src/aruco/src/ArUco.cpp:392:2:[m[K [01;31m[Kerror: [m[Kexpected ‘[01m[K}[m[K’ at end of input
[2.289s]   392 | }
[2.289s]       |  [01;31m[K^[m[K
[2.289s] [01m[K/home/spaaaaace/Code/ArUco/src/aruco/src/ArUco.cpp:30:1:[m[K [01;36m[Knote: [m[Kto match this ‘[01m[K{[m[K’
[2.289s]    30 | [01;36m[K{[m[K
[2.289s]       | [01;36m[K^[m[K
[2.297s] [01m[K/home/spaaaaace/Code/ArUco/src/aruco/src/ArUco.cpp:[m[K In constructor ‘[01m[KArucoDetect::ArucoDetect()[m[K’:
[2.297s] [01m[K/home/spaaaaace/Code/ArUco/src/aruco/src/ArUco.cpp:34:17:[m[K [01;31m[Kerror: [m[K‘[01m[Ksubscription_[m[K’ was not declared in this scope; did you mean ‘[01m[Krmw_subscription_t[m[K’?
[2.297s]    34 |                 [01;31m[Ksubscription_[m[K = this->create_subscription<sensor_msgs::msg::Image>("camera/image_raw", 10, std::bind(&ArucoDetect::imageCallback, this, std::placeholders::_1));
[2.297s]       |                 [01;31m[K^~~~~~~~~~~~~[m[K
[2.297s]       |                 [32m[Krmw_subscription_t[m[K
[2.297s] [01m[K/home/spaaaaace/Code/ArUco/src/aruco/src/ArUco.cpp:34:132:[m[K [01;31m[Kerror: [m[K‘[01m[KimageCallback[m[K’ is not a member of ‘[01m[KArucoDetect[m[K’
[2.298s]    34 | :msg::Image>("camera/image_raw", 10, std::bind(&ArucoDetect::[01;31m[KimageCallback[m[K, this, std::placeholders::_1));
[2.298s]       |                                                              [01;31m[K^~~~~~~~~~~~~[m[K
[2.298s] 
[2.305s] [01m[K/home/spaaaaace/Code/ArUco/src/aruco/src/ArUco.cpp:35:17:[m[K [01;31m[Kerror: [m[K‘[01m[Kbroadcaster_[m[K’ was not declared in this scope
[2.305s]    35 |                 [01;31m[Kbroadcaster_[m[K = std::make_shared<tf2_ros::TransformBroadcaster>(this);
[2.305s]       |                 [01;31m[K^~~~~~~~~~~~[m[K
[2.316s] [01m[K/home/spaaaaace/Code/ArUco/src/aruco/src/ArUco.cpp:37:17:[m[K [01;31m[Kerror: [m[K‘[01m[Kmarker_pub_[m[K’ was not declared in this scope
[2.316s]    37 |                 [01;31m[Kmarker_pub_[m[K = this->create_publisher<visualization_msgs::msg::Marker>("/aruco_truePos", 10);
[2.316s]       |                 [01;31m[K^~~~~~~~~~~[m[K
[2.329s] [01m[K/home/spaaaaace/Code/ArUco/src/aruco/src/ArUco.cpp:38:17:[m[K [01;31m[Kerror: [m[K‘[01m[Kmarker_pub_future_[m[K’ was not declared in this scope
[2.329s]    38 |                 [01;31m[Kmarker_pub_future_[m[K = this->create_publisher<visualization_msgs::msg::Marker>("/aruco_futurePos", 10);
[2.330s]       |                 [01;31m[K^~~~~~~~~~~~~~~~~~[m[K
[2.330s] [01m[K/home/spaaaaace/Code/ArUco/src/aruco/src/ArUco.cpp:[m[K In member function ‘[01m[Kvoid ArucoDetect::draw_aruco_target(std::vector<int>, std::vector<std::vector<cv::Point_<float> > >, cv::Mat&, bool)[m[K’:
[2.330s] [01m[K/home/spaaaaace/Code/ArUco/src/aruco/src/ArUco.cpp:42:35:[m[K [01;35m[Kwarning: [m[Kcomparison of integer expressions of different signedness: ‘[01m[Kint[m[K’ and ‘[01m[Kstd::vector<std::vector<cv::Point_<float> > >::size_type[m[K’ {aka ‘[01m[Klong unsigned int[m[K’} [[01;35m[K]8;;https://gcc.gnu.org/onlinedocs/gcc/Warning-Options.html#index-Wsign-compare-Wsign-compare]8;;[m[K]
[2.330s]    42 |                 for (int i = 0; [01;35m[Ki < markerCorners.size()[m[K; i++) {
[2.330s]       |                                 [01;35m[K~~^~~~~~~~~~~~~~~~~~~~~~[m[K
[2.332s] [01m[K/home/spaaaaace/Code/ArUco/src/aruco/src/ArUco.cpp:46:43:[m[K [01;35m[Kwarning: [m[Kcomparison of integer expressions of different signedness: ‘[01m[Kint[m[K’ and ‘[01m[Kstd::vector<cv::Point_<float> >::size_type[m[K’ {aka ‘[01m[Klong unsigned int[m[K’} [[01;35m[K]8;;https://gcc.gnu.org/onlinedocs/gcc/Warning-Options.html#index-Wsign-compare-Wsign-compare]8;;[m[K]
[2.332s]    46 |                         for (int j = 0; [01;35m[Kj < markerCorners[i].size()[m[K; j++) {
[2.332s]       |                                         [01;35m[K~~^~~~~~~~~~~~~~~~~~~~~~~~~[m[K
[2.334s] [01m[K/home/spaaaaace/Code/ArUco/src/aruco/src/ArUco.cpp:[m[K In member function ‘[01m[Kbool ArucoDetect::solve_pnp(cv::Mat, cv::Mat, std::vector<cv::Point3_<float> >, const std::vector<std::vector<cv::Point_<float> > >&, std::vector<int>, std::vector<ArucoMark>&)[m[K’:
[2.334s] [01m[K/home/spaaaaace/Code/ArUco/src/aruco/src/ArUco.cpp:76:35:[m[K [01;35m[Kwarning: [m[Kcomparison of integer expressions of different signedness: ‘[01m[Kint[m[K’ and ‘[01m[Kstd::vector<std::vector<cv::Point_<float> > >::size_type[m[K’ {aka ‘[01m[Klong unsigned int[m[K’} [[01;35m[K]8;;https://gcc.gnu.org/onlinedocs/gcc/Warning-Options.html#index-Wsign-compare-Wsign-compare]8;;[m[K]
[2.334s]    76 |                 for (int i = 0; [01;35m[Ki < markerCorners.size()[m[K; i++) {
[2.334s]       |                                 [01;35m[K~~^~~~~~~~~~~~~~~~~~~~~~[m[K
[2.336s] [01m[K/home/spaaaaace/Code/ArUco/src/aruco/src/ArUco.cpp:87:117:[m[K [01;31m[Kerror: [m[Kno matching function for call to ‘[01m[KArucoMark::ArucoMark(__gnu_cxx::__alloc_traits<std::allocator<int>, int>::value_type&, const value_type&, cv::Mat&, cv::Mat&)[m[K’
[2.336s]    87 | h_back(ArucoMark(markerIds[i], markerCorners[i], rvec_temp, tvec_temp[01;31m[K)[m[K);
[2.336s]       |                                                                      [01;31m[K^[m[K
[2.336s] 
[2.336s] In file included from [01m[K/home/spaaaaace/Code/ArUco/src/aruco/src/ArUco.cpp:18[m[K:
[2.336s] [01m[K/home/spaaaaace/Code/ArUco/src/aruco/include/ArUco/aruco_mark.hpp:10:1:[m[K [01;36m[Knote: [m[Kcandidate: ‘[01m[KArucoMark::ArucoMark(int, std::vector<std::vector<cv::Point_<float> > >, cv::Mat, cv::Mat)[m[K’
[2.336s]    10 | [01;36m[KArucoMark[m[K(int id, std::vector<std::vector<cv::Point2f> > markerCorners, cv::Mat marker_rvec, cv::Mat marker_tvec);
[2.336s]       | [01;36m[K^~~~~~~~~[m[K
[2.337s] [01m[K/home/spaaaaace/Code/ArUco/src/aruco/include/ArUco/aruco_mark.hpp:10:58:[m[K [01;36m[Knote: [m[K  no known conversion for argument 2 from ‘[01m[Kvector<[01;32m[Kcv::Point_<float>[m[K>[m[K’ to ‘[01m[Kvector<[01;32m[Kstd::vector<cv::Point_<float> >[m[K>[m[K’
[2.337s]    10 | ArucoMark(int id, [01;36m[Kstd::vector<std::vector<cv::Point2f> > markerCorners[m[K, cv::Mat marker_rvec, cv::Mat marker_tvec);
[2.337s]       |                   [01;36m[K~~~~~~~~~~~~~~~~~~~~~~~~~~~~~~~~~~~~~~~^~~~~~~~~~~~~[m[K
[2.337s] [01m[K/home/spaaaaace/Code/ArUco/src/aruco/include/ArUco/aruco_mark.hpp:7:7:[m[K [01;36m[Knote: [m[Kcandidate: ‘[01m[KArucoMark::ArucoMark(const ArucoMark&)[m[K’
[2.337s]     7 | class [01;36m[KArucoMark[m[K{
[2.337s]       |       [01;36m[K^~~~~~~~~[m[K
[2.337s] [01m[K/home/spaaaaace/Code/ArUco/src/aruco/include/ArUco/aruco_mark.hpp:7:7:[m[K [01;36m[Knote: [m[K  candidate expects 1 argument, 4 provided
[2.337s] [01m[K/home/spaaaaace/Code/ArUco/src/aruco/src/ArUco.cpp:90:50:[m[K [01;35m[Kwarning: [m[Kcomparison of integer expressions of different signedness: ‘[01m[Kint[m[K’ and ‘[01m[Kstd::vector<ArucoMark>::size_type[m[K’ {aka ‘[01m[Klong unsigned int[m[K’} [[01;35m[K]8;;https://gcc.gnu.org/onlinedocs/gcc/Warning-Options.html#index-Wsign-compare-Wsign-compare]8;;[m[K]
[2.337s]    90 |                                 for(int j = 0; [01;35m[Kj < aruco_marks.size()[m[K; j++){
[2.337s]       |                                                [01;35m[K~~^~~~~~~~~~~~~~~~~~~~[m[K
[2.337s] [01m[K/home/spaaaaace/Code/ArUco/src/aruco/src/ArUco.cpp:97:95:[m[K [01;31m[Kerror: [m[Kno match for ‘[01m[Koperator=[m[K’ (operand types are ‘[01m[Kstd::vector<std::vector<cv::Point_<float> > >[m[K’ and ‘[01m[Kconst value_type[m[K’ {aka ‘[01m[Kconst std::vector<cv::Point_<float> >[m[K’})
[2.337s]    97 |                         aruco_marks[j].markerCorners = markerCorners[i[01;31m[K][m[K;
[2.337s]       |                                                                       [01;31m[K^[m[K
[2.337s] 
[2.337s] In file included from [01m[K/usr/include/c++/11/vector:72[m[K,
[2.337s]                  from [01m[K/usr/include/c++/11/functional:62[m[K,
[2.337s]                  from [01m[K/usr/include/c++/11/pstl/glue_algorithm_defs.h:13[m[K,
[2.338s]                  from [01m[K/usr/include/c++/11/algorithm:74[m[K,
[2.338s]                  from [01m[K/opt/ros/humble/include/rclcpp/rclcpp/executor.hpp:18[m[K,
[2.338s]                  from [01m[K/opt/ros/humble/include/rclcpp/rclcpp/executors/multi_threaded_executor.hpp:25[m[K,
[2.338s]                  from [01m[K/opt/ros/humble/include/rclcpp/rclcpp/executors.hpp:21[m[K,
[2.338s]                  from [01m[K/opt/ros/humble/include/rclcpp/rclcpp/rclcpp.hpp:155[m[K,
[2.338s]                  from [01m[K/home/spaaaaace/Code/ArUco/src/aruco/src/ArUco.cpp:1[m[K:
[2.338s] [01m[K/usr/include/c++/11/bits/vector.tcc:198:5:[m[K [01;36m[Knote: [m[Kcandidate: ‘[01m[Kstd::vector<_Tp, _Alloc>& std::vector<_Tp, _Alloc>::operator=(const std::vector<_Tp, _Alloc>&) [with _Tp = std::vector<cv::Point_<float> >; _Alloc = std::allocator<std::vector<cv::Point_<float> > >][m[K’
[2.338s]   198 |     [01;36m[Kvector<_Tp, _Alloc>[m[K::
[2.338s]       |     [01;36m[K^~~~~~~~~~~~~~~~~~~[m[K
[2.338s] [01m[K/usr/include/c++/11/bits/vector.tcc:199:42:[m[K [01;36m[Knote: [m[K  no known conversion for argument 1 from ‘[01m[Kconst value_type[m[K’ {aka ‘[01m[Kconst std::vector<cv::Point_<float> >[m[K’} to ‘[01m[Kconst std::vector<std::vector<cv::Point_<float> > >&[m[K’
[2.338s]   199 |     operator=([01;36m[Kconst vector<_Tp, _Alloc>& __x[m[K)
[2.338s]       |               [01;36m[K~~~~~~~~~~~~~~~~~~~~~~~~~~~^~~[m[K
[2.338s] In file included from [01m[K/usr/include/c++/11/vector:67[m[K,
[2.338s]                  from [01m[K/usr/include/c++/11/functional:62[m[K,
[2.338s]                  from [01m[K/usr/include/c++/11/pstl/glue_algorithm_defs.h:13[m[K,
[2.338s]                  from [01m[K/usr/include/c++/11/algorithm:74[m[K,
[2.338s]                  from [01m[K/opt/ros/humble/include/rclcpp/rclcpp/executor.hpp:18[m[K,
[2.338s]                  from [01m[K/opt/ros/humble/include/rclcpp/rclcpp/executors/multi_threaded_executor.hpp:25[m[K,
[2.338s]                  from [01m[K/opt/ros/humble/include/rclcpp/rclcpp/executors.hpp:21[m[K,
[2.338s]                  from [01m[K/opt/ros/humble/include/rclcpp/rclcpp/rclcpp.hpp:155[m[K,
[2.338s]                  from [01m[K/home/spaaaaace/Code/ArUco/src/aruco/src/ArUco.cpp:1[m[K:
[2.339s] [01m[K/usr/include/c++/11/bits/stl_vector.h:709:7:[m[K [01;36m[Knote: [m[Kcandidate: ‘[01m[Kstd::vector<_Tp, _Alloc>& std::vector<_Tp, _Alloc>::operator=(std::vector<_Tp, _Alloc>&&) [with _Tp = std::vector<cv::Point_<float> >; _Alloc = std::allocator<std::vector<cv::Point_<float> > >][m[K’
[2.339s]   709 |       [01;36m[Koperator[m[K=(vector&& __x) noexcept(_Alloc_traits::_S_nothrow_move())
[2.339s]       |       [01;36m[K^~~~~~~~[m[K
[2.339s] [01m[K/usr/include/c++/11/bits/stl_vector.h:709:26:[m[K [01;36m[Knote: [m[K  no known conversion for argument 1 from ‘[01m[Kconst value_type[m[K’ {aka ‘[01m[Kconst std::vector<cv::Point_<float> >[m[K’} to ‘[01m[Kstd::vector<std::vector<cv::Point_<float> > >&&[m[K’
[2.339s]   709 |       operator=([01;36m[Kvector&& __x[m[K) noexcept(_Alloc_traits::_S_nothrow_move())
[2.339s]       |                 [01;36m[K~~~~~~~~~^~~[m[K
[2.339s] [01m[K/usr/include/c++/11/bits/stl_vector.h:730:7:[m[K [01;36m[Knote: [m[Kcandidate: ‘[01m[Kstd::vector<_Tp, _Alloc>& std::vector<_Tp, _Alloc>::operator=(std::initializer_list<_Tp>) [with _Tp = std::vector<cv::Point_<float> >; _Alloc = std::allocator<std::vector<cv::Point_<float> > >][m[K’
[2.339s]   730 |       [01;36m[Koperator[m[K=(initializer_list<value_type> __l)
[2.339s]       |       [01;36m[K^~~~~~~~[m[K
[2.339s] [01m[K/usr/include/c++/11/bits/stl_vector.h:730:46:[m[K [01;36m[Knote: [m[K  no known conversion for argument 1 from ‘[01m[Kconst value_type[m[K’ {aka ‘[01m[Kconst std::vector<cv::Point_<float> >[m[K’} to ‘[01m[Kstd::initializer_list<std::vector<cv::Point_<float> > >[m[K’
[2.339s]   730 |       operator=([01;36m[Kinitializer_list<value_type> __l[m[K)
[2.339s]       |                 [01;36m[K~~~~~~~~~~~~~~~~~~~~~~~~~~~~~^~~[m[K
[2.339s] [01m[K/home/spaaaaace/Code/ArUco/src/aruco/src/ArUco.cpp:102:95:[m[K [01;31m[Kerror: [m[Kno match for ‘[01m[Koperator=[m[K’ (operand types are ‘[01m[Kstd::vector<std::vector<cv::Point_<float> > >[m[K’ and ‘[01m[Kconst value_type[m[K’ {aka ‘[01m[Kconst std::vector<cv::Point_<float> >[m[K’})
[2.339s]   102 |                         aruco_marks[j].markerCorners = markerCorners[i[01;31m[K][m[K;
[2.339s]       |                                                                       [01;31m[K^[m[K
[2.339s] 
[2.339s] In file included from [01m[K/usr/include/c++/11/vector:72[m[K,
[2.339s]                  from [01m[K/usr/include/c++/11/functional:62[m[K,
[2.340s]                  from [01m[K/usr/include/c++/11/pstl/glue_algorithm_defs.h:13[m[K,
[2.340s]                  from [01m[K/usr/include/c++/11/algorithm:74[m[K,
[2.340s]                  from [01m[K/opt/ros/humble/include/rclcpp/rclcpp/executor.hpp:18[m[K,
[2.340s]                  from [01m[K/opt/ros/humble/include/rclcpp/rclcpp/executors/multi_threaded_executor.hpp:25[m[K,
[2.340s]                  from [01m[K/opt/ros/humble/include/rclcpp/rclcpp/executors.hpp:21[m[K,
[2.340s]                  from [01m[K/opt/ros/humble/include/rclcpp/rclcpp/rclcpp.hpp:155[m[K,
[2.340s]                  from [01m[K/home/spaaaaace/Code/ArUco/src/aruco/src/ArUco.cpp:1[m[K:
[2.340s] [01m[K/usr/include/c++/11/bits/vector.tcc:198:5:[m[K [01;36m[Knote: [m[Kcandidate: ‘[01m[Kstd::vector<_Tp, _Alloc>& std::vector<_Tp, _Alloc>::operator=(const std::vector<_Tp, _Alloc>&) [with _Tp = std::vector<cv::Point_<float> >; _Alloc = std::allocator<std::vector<cv::Point_<float> > >][m[K’
[2.340s]   198 |     [01;36m[Kvector<_Tp, _Alloc>[m[K::
[2.340s]       |     [01;36m[K^~~~~~~~~~~~~~~~~~~[m[K
[2.340s] [01m[K/usr/include/c++/11/bits/vector.tcc:199:42:[m[K [01;36m[Knote: [m[K  no known conversion for argument 1 from ‘[01m[Kconst value_type[m[K’ {aka ‘[01m[Kconst std::vector<cv::Point_<float> >[m[K’} to ‘[01m[Kconst std::vector<std::vector<cv::Point_<float> > >&[m[K’
[2.340s]   199 |     operator=([01;36m[Kconst vector<_Tp, _Alloc>& __x[m[K)
[2.340s]       |               [01;36m[K~~~~~~~~~~~~~~~~~~~~~~~~~~~^~~[m[K
[2.340s] In file included from [01m[K/usr/include/c++/11/vector:67[m[K,
[2.340s]                  from [01m[K/usr/include/c++/11/functional:62[m[K,
[2.340s]                  from [01m[K/usr/include/c++/11/pstl/glue_algorithm_defs.h:13[m[K,
[2.340s]                  from [01m[K/usr/include/c++/11/algorithm:74[m[K,
[2.340s]                  from [01m[K/opt/ros/humble/include/rclcpp/rclcpp/executor.hpp:18[m[K,
[2.340s]                  from [01m[K/opt/ros/humble/include/rclcpp/rclcpp/executors/multi_threaded_executor.hpp:25[m[K,
[2.340s]                  from [01m[K/opt/ros/humble/include/rclcpp/rclcpp/executors.hpp:21[m[K,
[2.340s]                  from [01m[K/opt/ros/humble/include/rclcpp/rclcpp/rclcpp.hpp:155[m[K,
[2.340s]                  from [01m[K/home/spaaaaace/Code/ArUco/src/aruco/src/ArUco.cpp:1[m[K:
[2.340s] [01m[K/usr/include/c++/11/bits/stl_vector.h:709:7:[m[K [01;36m[Knote: [m[Kcandidate: ‘[01m[Kstd::vector<_Tp, _Alloc>& std::vector<_Tp, _Alloc>::operator=(std::vector<_Tp, _Alloc>&&) [with _Tp = std::vector<cv::Point_<float> >; _Alloc = std::allocator<std::vector<cv::Point_<float> > >][m[K’
[2.341s]   709 |       [01;36m[Koperator[m[K=(vector&& __x) noexcept(_Alloc_traits::_S_nothrow_move())
[2.341s]       |       [01;36m[K^~~~~~~~[m[K
[2.341s] [01m[K/usr/include/c++/11/bits/stl_vector.h:709:26:[m[K [01;36m[Knote: [m[K  no known conversion for argument 1 from ‘[01m[Kconst value_type[m[K’ {aka ‘[01m[Kconst std::vector<cv::Point_<float> >[m[K’} to ‘[01m[Kstd::vector<std::vector<cv::Point_<float> > >&&[m[K’
[2.341s]   709 |       operator=([01;36m[Kvector&& __x[m[K) noexcept(_Alloc_traits::_S_nothrow_move())
[2.341s]       |                 [01;36m[K~~~~~~~~~^~~[m[K
[2.341s] [01m[K/usr/include/c++/11/bits/stl_vector.h:730:7:[m[K [01;36m[Knote: [m[Kcandidate: ‘[01m[Kstd::vector<_Tp, _Alloc>& std::vector<_Tp, _Alloc>::operator=(std::initializer_list<_Tp>) [with _Tp = std::vector<cv::Point_<float> >; _Alloc = std::allocator<std::vector<cv::Point_<float> > >][m[K’
[2.341s]   730 |       [01;36m[Koperator[m[K=(initializer_list<value_type> __l)
[2.341s]       |       [01;36m[K^~~~~~~~[m[K
[2.341s] [01m[K/usr/include/c++/11/bits/stl_vector.h:730:46:[m[K [01;36m[Knote: [m[K  no known conversion for argument 1 from ‘[01m[Kconst value_type[m[K’ {aka ‘[01m[Kconst std::vector<cv::Point_<float> >[m[K’} to ‘[01m[Kstd::initializer_list<std::vector<cv::Point_<float> > >[m[K’
[2.341s]   730 |       operator=([01;36m[Kinitializer_list<value_type> __l[m[K)
[2.341s]       |                 [01;36m[K~~~~~~~~~~~~~~~~~~~~~~~~~~~~~^~~[m[K
[2.341s] [01m[K/home/spaaaaace/Code/ArUco/src/aruco/src/ArUco.cpp:108:125:[m[K [01;31m[Kerror: [m[Kno matching function for call to ‘[01m[KArucoMark::ArucoMark(__gnu_cxx::__alloc_traits<std::allocator<int>, int>::value_type&, const value_type&, cv::Mat&, cv::Mat&)[m[K’
[2.341s]   108 | h_back(ArucoMark(markerIds[i], markerCorners[i], rvec_temp, tvec_temp[01;31m[K)[m[K);
[2.341s]       |                                                                      [01;31m[K^[m[K
[2.341s] 
[2.341s] In file included from [01m[K/home/spaaaaace/Code/ArUco/src/aruco/src/ArUco.cpp:18[m[K:
[2.341s] [01m[K/home/spaaaaace/Code/ArUco/src/aruco/include/ArUco/aruco_mark.hpp:10:1:[m[K [01;36m[Knote: [m[Kcandidate: ‘[01m[KArucoMark::ArucoMark(int, std::vector<std::vector<cv::Point_<float> > >, cv::Mat, cv::Mat)[m[K’
[2.341s]    10 | [01;36m[KArucoMark[m[K(int id, std::vector<std::vector<cv::Point2f> > markerCorners, cv::Mat marker_rvec, cv::Mat marker_tvec);
[2.341s]       | [01;36m[K^~~~~~~~~[m[K
[2.341s] [01m[K/home/spaaaaace/Code/ArUco/src/aruco/include/ArUco/aruco_mark.hpp:10:58:[m[K [01;36m[Knote: [m[K  no known conversion for argument 2 from ‘[01m[Kvector<[01;32m[Kcv::Point_<float>[m[K>[m[K’ to ‘[01m[Kvector<[01;32m[Kstd::vector<cv::Point_<float> >[m[K>[m[K’
[2.341s]    10 | ArucoMark(int id, [01;36m[Kstd::vector<std::vector<cv::Point2f> > markerCorners[m[K, cv::Mat marker_rvec, cv::Mat marker_tvec);
[2.341s]       |                   [01;36m[K~~~~~~~~~~~~~~~~~~~~~~~~~~~~~~~~~~~~~~~^~~~~~~~~~~~~[m[K
[2.341s] [01m[K/home/spaaaaace/Code/ArUco/src/aruco/include/ArUco/aruco_mark.hpp:7:7:[m[K [01;36m[Knote: [m[Kcandidate: ‘[01m[KArucoMark::ArucoMark(const ArucoMark&)[m[K’
[2.341s]     7 | class [01;36m[KArucoMark[m[K{
[2.341s]       |       [01;36m[K^~~~~~~~~[m[K
[2.341s] [01m[K/home/spaaaaace/Code/ArUco/src/aruco/include/ArUco/aruco_mark.hpp:7:7:[m[K [01;36m[Knote: [m[K  candidate expects 1 argument, 4 provided
[2.341s] [01m[K/home/spaaaaace/Code/ArUco/src/aruco/src/ArUco.cpp:117:67:[m[K [01;31m[Kerror: [m[Ka function-definition is not allowed here before ‘[01m[K{[m[K’ token
[2.342s]   117 |                         cv::Scalar color = cv::Scalar(0, 255, 0)) [01;31m[K{[m[K
[2.342s]       |                                                                   [01;31m[K^[m[K
[2.342s] [01m[K/home/spaaaaace/Code/ArUco/src/aruco/src/ArUco.cpp:141:85:[m[K [01;31m[Kerror: [m[Ka function-definition is not allowed here before ‘[01m[K{[m[K’ token
[2.342s]   141 | try_msgs::msg::Pose cvToPose(const cv::Mat &R_cv, const cv::Mat &t_cv) [01;31m[K{[m[K
[2.342s]       |                                                                        [01;31m[K^[m[K
[2.342s] 
[2.342s] [01m[K/home/spaaaaace/Code/ArUco/src/aruco/src/ArUco.cpp:179:19:[m[K [01;31m[Kerror: [m[Ka function-definition is not allowed here before ‘[01m[K{[m[K’ token
[2.342s]   179 |                 ) [01;31m[K{[m[K
[2.342s]       |                   [01;31m[K^[m[K
[2.342s] [01m[K/home/spaaaaace/Code/ArUco/src/aruco/src/ArUco.cpp:208:45:[m[K [01;31m[Kerror: [m[Ka function-definition is not allowed here before ‘[01m[K{[m[K’ token
[2.342s]   208 |         const std::string& child_frame_id ) [01;31m[K{[m[K
[2.342s]       |                                             [01;31m[K^[m[K
[2.342s] [01m[K/home/spaaaaace/Code/ArUco/src/aruco/src/ArUco.cpp:245:6:[m[K [01;31m[Kerror: [m[Ka function-definition is not allowed here before ‘[01m[K{[m[K’ token
[2.342s]   245 |      [01;31m[K{[m[K
[2.342s]       |      [01;31m[K^[m[K
[2.342s] [01m[K/home/spaaaaace/Code/ArUco/src/aruco/src/ArUco.cpp:362:1:[m[K [01;31m[Kerror: [m[Kexpected primary-expression before ‘[01m[Kprivate[m[K’
[2.342s]   362 | [01;31m[Kprivate[m[K:
[2.342s]       | [01;31m[K^~~~~~~[m[K
[2.394s] [01m[K/home/spaaaaace/Code/ArUco/src/aruco/src/ArUco.cpp:383:27:[m[K [01;31m[Kerror: [m[Kdeclaration of ‘[01m[Kstd::vector<ArucoMark> aruco_marks[m[K’ shadows a parameter
[2.394s]   383 |         vector<ArucoMark> [01;31m[Karuco_marks[m[K;
[2.394s]       |                           [01;31m[K^~~~~~~~~~~[m[K
[2.394s] [01m[K/home/spaaaaace/Code/ArUco/src/aruco/src/ArUco.cpp:75:91:[m[K [01;36m[Knote: [m[K‘[01m[Kstd::vector<ArucoMark>& aruco_marks[m[K’ previously declared here
[2.394s]    75 |                    vector<int> markerIds, [01;36m[Kvector<ArucoMark> &aruco_marks[m[K) {
[2.394s]       |                                           [01;36m[K~~~~~~~~~~~~~~~~~~~^~~~~~~~~~~[m[K
[2.394s] 
[2.394s] [01m[K/home/spaaaaace/Code/ArUco/src/aruco/src/ArUco.cpp:370:16:[m[K [01;35m[Kwarning: [m[Kunused variable ‘[01m[Kdt[m[K’ [[01;35m[K]8;;https://gcc.gnu.org/onlinedocs/gcc/Warning-Options.html#index-Wunused-variable-Wunused-variable]8;;[m[K]
[2.394s]   370 |         double [01;35m[Kdt[m[K = 1.0f;
[2.394s]       |                [01;35m[K^~[m[K
[2.394s] [01m[K/home/spaaaaace/Code/ArUco/src/aruco/src/ArUco.cpp:371:15:[m[K [01;35m[Kwarning: [m[Kunused variable ‘[01m[Kextrapolate_dt[m[K’ [[01;35m[K]8;;https://gcc.gnu.org/onlinedocs/gcc/Warning-Options.html#index-Wunused-variable-Wunused-variable]8;;[m[K]
[2.394s]   371 |         float [01;35m[Kextrapolate_dt[m[K = 40.0f;
[2.394s]       |               [01;35m[K^~~~~~~~~~~~~~[m[K
[2.394s] [01m[K/home/spaaaaace/Code/ArUco/src/aruco/src/ArUco.cpp:373:16:[m[K [01;35m[Kwarning: [m[Kunused variable ‘[01m[KmarkerLength[m[K’ [[01;35m[K]8;;https://gcc.gnu.org/onlinedocs/gcc/Warning-Options.html#index-Wunused-variable-Wunused-variable]8;;[m[K]
[2.394s]   373 |         double [01;35m[KmarkerLength[m[K = 0.048;
[2.394s]       |                [01;35m[K^~~~~~~~~~~~[m[K
[2.394s] [01m[K/home/spaaaaace/Code/ArUco/src/aruco/src/ArUco.cpp:375:13:[m[K [01;35m[Kwarning: [m[Kunused variable ‘[01m[Kstep[m[K’ [[01;35m[K]8;;https://gcc.gnu.org/onlinedocs/gcc/Warning-Options.html#index-Wunused-variable-Wunused-variable]8;;[m[K]
[2.395s]   375 |         int [01;35m[Kstep[m[K = 0;
[2.395s]       |             [01;35m[K^~~~[m[K
[2.395s] [01m[K/home/spaaaaace/Code/ArUco/src/aruco/src/ArUco.cpp:377:16:[m[K [01;35m[Kwarning: [m[Kunused variable ‘[01m[Kalpha_q[m[K’ [[01;35m[K]8;;https://gcc.gnu.org/onlinedocs/gcc/Warning-Options.html#index-Wunused-variable-Wunused-variable]8;;[m[K]
[2.395s]   377 |         double [01;35m[Kalpha_q[m[K = 1e-5;
[2.395s]       |                [01;35m[K^~~~~~~[m[K
[2.395s] [01m[K/home/spaaaaace/Code/ArUco/src/aruco/src/ArUco.cpp:378:12:[m[K [01;35m[Kwarning: [m[Kunused variable ‘[01m[Kalpha_r[m[K’ [[01;35m[K]8;;https://gcc.gnu.org/onlinedocs/gcc/Warning-Options.html#index-Wunused-variable-Wunused-variable]8;;[m[K]
[2.395s]   378 |     double [01;35m[Kalpha_r[m[K = 1e-2;
[2.395s]       |            [01;35m[K^~~~~~~[m[K
[2.395s] [01m[K/home/spaaaaace/Code/ArUco/src/aruco/src/ArUco.cpp:380:19:[m[K [01;35m[Kwarning: [m[Kunused variable ‘[01m[KstateSize[m[K’ [[01;35m[K]8;;https://gcc.gnu.org/onlinedocs/gcc/Warning-Options.html#index-Wunused-variable-Wunused-variable]8;;[m[K]
[2.395s]   380 |         const int [01;35m[KstateSize[m[K = 6;  // [x, y, z, vx, vy, vz]
[2.395s]       |                   [01;35m[K^~~~~~~~~[m[K
[2.395s] [01m[K/home/spaaaaace/Code/ArUco/src/aruco/src/ArUco.cpp:381:19:[m[K [01;35m[Kwarning: [m[Kunused variable ‘[01m[KmeasSize[m[K’ [[01;35m[K]8;;https://gcc.gnu.org/onlinedocs/gcc/Warning-Options.html#index-Wunused-variable-Wunused-variable]8;;[m[K]
[2.395s]   381 |         const int [01;35m[KmeasSize[m[K = 3;   // [x, y, z] 观测只测位置
[2.395s]       |                   [01;35m[K^~~~~~~~[m[K
[2.396s] [01m[K/home/spaaaaace/Code/ArUco/src/aruco/src/ArUco.cpp:[m[K At global scope:
[2.396s] [01m[K/home/spaaaaace/Code/ArUco/src/aruco/src/ArUco.cpp:392:2:[m[K [01;31m[Kerror: [m[Kexpected unqualified-id at end of input
[2.396s]   392 | }
[2.397s]       |  [01;31m[K^[m[K
[3.593s] gmake[2]: *** [CMakeFiles/ArUco.dir/build.make:76：CMakeFiles/ArUco.dir/src/ArUco.cpp.o] 错误 1
[3.593s] gmake[1]: *** [CMakeFiles/Makefile2:137：CMakeFiles/ArUco.dir/all] 错误 2
[3.593s] gmake: *** [Makefile:146：all] 错误 2
[3.595s] Invoked command in '/home/spaaaaace/Code/ArUco/build/ArUco' returned '2': CMAKE_PREFIX_PATH=${CMAKE_PREFIX_PATH}:/opt/ros/humble /usr/local/bin/cmake --build /home/spaaaaace/Code/ArUco/build/ArUco -- -j22 -l22
