[0.012s] Invoking command in '/home/spaaaaace/Code/ArUco/build/ArUco': CMAKE_PREFIX_PATH=${CMAKE_PREFIX_PATH}:/opt/ros/humble /usr/local/bin/cmake --build /home/spaaaaace/Code/ArUco/build/ArUco -- -j22 -l22
[0.060s] [ 50%] [32mBuilding CXX object CMakeFiles/ArUco.dir/src/ArUco.cpp.o[0m
[0.377s] [01m[K/home/spaaaaace/Code/ArUco/src/aruco/src/ArUco.cpp:15:10:[m[K [01;31m[Kfatal error: [m[Kkalman.hpp: æ²¡æœ‰é‚£ä¸ªæ–‡ä»¶æˆ–ç›®å½•
[0.377s]    15 | #include [01;31m[K<kalman.hpp>[m[K
[0.377s]       |          [01;31m[K^~~~~~~~~~~~[m[K
[0.378s] compilation terminated.
[0.380s] gmake[2]: *** [CMakeFiles/ArUco.dir/build.make:76ï¼šCMakeFiles/ArUco.dir/src/ArUco.cpp.o] é”™è¯¯ 1
[0.381s] gmake[1]: *** [CMakeFiles/Makefile2:137ï¼šCMakeFiles/ArUco.dir/all] é”™è¯¯ 2
[0.381s] gmake: *** [Makefile:146ï¼šall] é”™è¯¯ 2
[0.384s] Invoked command in '/home/spaaaaace/Code/ArUco/build/ArUco' returned '2': CMAKE_PREFIX_PATH=${CMAKE_PREFIX_PATH}:/opt/ros/humble /usr/local/bin/cmake --build /home/spaaaaace/Code/ArUco/build/ArUco -- -j22 -l22
