[0.010s] Invoking command in '/home/spaaaaace/Code/ArUco/build/ArUco': CMAKE_PREFIX_PATH=${CMAKE_PREFIX_PATH}:/opt/ros/humble /usr/local/bin/cmake --build /home/spaaaaace/Code/ArUco/build/ArUco -- -j22 -l22
[0.040s] [ 33%] [32mBuilding CXX object CMakeFiles/ArUco.dir/src/ArUco.cpp.o[0m
[2.311s] [01m[K/home/spaaaaace/Code/ArUco/src/aruco/src/ArUco.cpp:[m[K In function â€˜[01m[Kvoid draw_aruco_target(std::vector<int>, std::vector<std::vector<cv::Point_<float> > >, cv::Mat&, bool)[m[Kâ€™:
[2.311s] [01m[K/home/spaaaaace/Code/ArUco/src/aruco/src/ArUco.cpp:29:27:[m[K [01;35m[Kwarning: [m[Kcomparison of integer expressions of different signedness: â€˜[01m[Kint[m[Kâ€™ and â€˜[01m[Kstd::vector<std::vector<cv::Point_<float> > >::size_type[m[Kâ€™ {aka â€˜[01m[Klong unsigned int[m[Kâ€™} [[01;35m[K]8;;https://gcc.gnu.org/onlinedocs/gcc/Warning-Options.html#index-Wsign-compare-Wsign-compare]8;;[m[K]
[2.311s]    29 |      for (int i = 0; [01;35m[Ki < markerCorners.size()[m[K; i++) {
[2.311s]       |                      [01;35m[K~~^~~~~~~~~~~~~~~~~~~~~~[m[K
[2.311s] 
[2.312s] [01m[K/home/spaaaaace/Code/ArUco/src/aruco/src/ArUco.cpp:33:35:[m[K [01;35m[Kwarning: [m[Kcomparison of integer expressions of different signedness: â€˜[01m[Kint[m[Kâ€™ and â€˜[01m[Kstd::vector<cv::Point_<float> >::size_type[m[Kâ€™ {aka â€˜[01m[Klong unsigned int[m[Kâ€™} [[01;35m[K]8;;https://gcc.gnu.org/onlinedocs/gcc/Warning-Options.html#index-Wsign-compare-Wsign-compare]8;;[m[K]
[2.313s]    33 |      for (int j = 0; [01;35m[Kj < markerCorners[i].size()[m[K; j++) {
[2.313s]       |                      [01;35m[K~~^~~~~~~~~~~~~~~~~~~~~~~~~[m[K
[2.313s] 
[2.314s] [01m[K/home/spaaaaace/Code/ArUco/src/aruco/src/ArUco.cpp:[m[K In function â€˜[01m[Kbool solve_pnp(cv::Mat, cv::Mat, std::vector<cv::Point3_<float> >, const std::vector<std::vector<cv::Point_<float> > >&, std::vector<cv::Mat>&, std::vector<cv::Mat>&)[m[Kâ€™:
[2.314s] [01m[K/home/spaaaaace/Code/ArUco/src/aruco/src/ArUco.cpp:63:27:[m[K [01;35m[Kwarning: [m[Kcomparison of integer expressions of different signedness: â€˜[01m[Kint[m[Kâ€™ and â€˜[01m[Kstd::vector<std::vector<cv::Point_<float> > >::size_type[m[Kâ€™ {aka â€˜[01m[Klong unsigned int[m[Kâ€™} [[01;35m[K]8;;https://gcc.gnu.org/onlinedocs/gcc/Warning-Options.html#index-Wsign-compare-Wsign-compare]8;;[m[K]
[2.314s]    63 |      for (int i = 0; [01;35m[Ki < markerCorners.size()[m[K; i++) {
[2.315s]       |                      [01;35m[K~~^~~~~~~~~~~~~~~~~~~~~~[m[K
[2.315s] 
[2.315s] [01m[K/home/spaaaaace/Code/ArUco/src/aruco/src/ArUco.cpp:[m[K At global scope:
[2.315s] [01m[K/home/spaaaaace/Code/ArUco/src/aruco/src/ArUco.cpp:327:82:[m[K [01;31m[Kerror: [m[Kexpected â€˜[01m[K)[m[Kâ€™ before â€˜[01m[K;[m[Kâ€™ token
[2.315s]   327 | g::Marker>::SharedPtr marker_pub_[01;31m[K;[m[K
[2.315s]       |                                  [01;31m[K^[m[K
[2.315s]       |                                  [32m[K)[m[K
[2.315s] [01m[K/home/spaaaaace/Code/ArUco/src/aruco/src/ArUco.cpp:90:51:[m[K [01;36m[Knote: [m[Kto match this â€˜[01m[K([m[Kâ€™
[2.315s]    90 | tion_msgs::msg::Marker makeMarker[01;36m[K([m[K
[2.315s]       |                                  [01;36m[K^[m[K
[2.315s] 
[2.373s] [01m[K/home/spaaaaace/Code/ArUco/src/aruco/src/ArUco.cpp:94:25:[m[K [01;31m[Kerror: [m[Kexpected â€˜[01m[K,[m[Kâ€™ before â€˜[01m[Kcv[m[Kâ€™
[2.373s]    94 |                        [01;31m[Kcv[m[K::Scalar color = cv::Scalar(0, 255, 0) {
[2.373s]       |                        [01;31m[K^~[m[K
[2.373s] 
[2.373s] [01m[K/home/spaaaaace/Code/ArUco/src/aruco/src/ArUco.cpp:[m[K In constructor â€˜[01m[KArucoDetect::ArucoDetect()[m[Kâ€™:
[2.374s] [01m[K/home/spaaaaace/Code/ArUco/src/aruco/src/ArUco.cpp:80:132:[m[K [01;31m[Kerror: [m[Kâ€˜[01m[KimageCallback[m[Kâ€™ is not a member of â€˜[01m[KArucoDetect[m[Kâ€™
[2.374s]    80 | td::bind(&ArucoDetect::[01;31m[KimageCallback[m[K, this, std::placeholders::_1));
[2.374s]       |                        [01;31m[K^~~~~~~~~~~~~[m[K
[2.374s] 
[2.382s] [01m[K/home/spaaaaace/Code/ArUco/src/aruco/src/ArUco.cpp:83:17:[m[K [01;31m[Kerror: [m[Kâ€˜[01m[Kmarker_pub_[m[Kâ€™ was not declared in this scope
[2.382s]    83 |                 [01;31m[Kmarker_pub_[m[K = this->create_publisher<visualization_msgs::msg::Marker>("/aruco_truePos", 10);
[2.383s]       |                 [01;31m[K^~~~~~~~~~~[m[K
[3.645s] gmake[2]: *** [CMakeFiles/ArUco.dir/build.make:76ï¼šCMakeFiles/ArUco.dir/src/ArUco.cpp.o] é”™è¯¯ 1
[3.645s] gmake[1]: *** [CMakeFiles/Makefile2:137ï¼šCMakeFiles/ArUco.dir/all] é”™è¯¯ 2
[3.646s] gmake: *** [Makefile:146ï¼šall] é”™è¯¯ 2
[3.647s] Invoked command in '/home/spaaaaace/Code/ArUco/build/ArUco' returned '2': CMAKE_PREFIX_PATH=${CMAKE_PREFIX_PATH}:/opt/ros/humble /usr/local/bin/cmake --build /home/spaaaaace/Code/ArUco/build/ArUco -- -j22 -l22
