[0.009s] Invoking command in '/home/spaaaaace/Code/ArUco/build/ArUco': CMAKE_PREFIX_PATH=${CMAKE_PREFIX_PATH}:/opt/ros/humble /usr/local/bin/cmake --build /home/spaaaaace/Code/ArUco/build/ArUco -- -j22 -l22
[0.022s] -- Found ament_cmake: 1.3.11 (/opt/ros/humble/share/ament_cmake/cmake)
[0.090s] -- Found rclcpp: 16.0.10 (/opt/ros/humble/share/rclcpp/cmake)
[0.110s] -- Found rosidl_generator_c: 3.1.5 (/opt/ros/humble/share/rosidl_generator_c/cmake)
[0.111s] -- Found rosidl_adapter: 3.1.5 (/opt/ros/humble/share/rosidl_adapter/cmake)
[0.115s] -- Found rosidl_generator_cpp: 3.1.5 (/opt/ros/humble/share/rosidl_generator_cpp/cmake)
[0.121s] -- Using all available rosidl_typesupport_c: rosidl_typesupport_fastrtps_c;rosidl_typesupport_introspection_c
[0.130s] -- Using all available rosidl_typesupport_cpp: rosidl_typesupport_fastrtps_cpp;rosidl_typesupport_introspection_cpp
[0.153s] -- Found rmw_implementation_cmake: 6.1.2 (/opt/ros/humble/share/rmw_implementation_cmake/cmake)
[0.154s] -- Found rmw_fastrtps_cpp: 6.2.7 (/opt/ros/humble/share/rmw_fastrtps_cpp/cmake)
[0.230s] -- Using RMW implementation 'rmw_fastrtps_cpp' as default
[0.269s] -- Found sensor_msgs: 4.2.4 (/opt/ros/humble/share/sensor_msgs/cmake)
[0.291s] -- Found cv_bridge: 3.2.1 (/opt/ros/humble/share/cv_bridge/cmake)
[0.292s] -- Found tf2: 0.25.12 (/opt/ros/humble/share/tf2/cmake)
[0.295s] -- Found tf2_ros: 0.25.12 (/opt/ros/humble/share/tf2_ros/cmake)
[0.355s] -- Found tf2_geometry_msgs: 0.25.8 (/opt/ros/humble/share/tf2_geometry_msgs/cmake)
[0.356s] -- Found eigen3_cmake_module: 0.1.1 (/opt/ros/humble/share/eigen3_cmake_module/cmake)
[0.357s] -- Ensuring Eigen3 include directory is part of orocos-kdl CMake target
[0.359s] -- Found ament_lint_auto: 0.12.11 (/opt/ros/humble/share/ament_lint_auto/cmake)
[0.399s] WARNING: Package name "ArUco" does not follow the naming conventions. It should start with a lower case letter and only contain lower case letters, digits, underscores, and dashes.
[0.409s] -- Added test 'cppcheck' to perform static code analysis on C / C++ code
[0.410s] -- Configured cppcheck include dirs: /home/spaaaaace/Code/ArUco/src/aruco/include/ArUco
[0.410s] -- Configured cppcheck exclude dirs and/or files: 
[0.410s] -- Added test 'lint_cmake' to check CMake code style
[0.410s] -- Added test 'uncrustify' to check C / C++ code style
[0.411s] -- Configured uncrustify additional arguments: 
[0.411s] -- Added test 'xmllint' to check XML markup files
[0.411s] -- Configuring done (0.4s)
[0.420s] -- Generating done (0.0s)
[0.421s] -- Build files have been written to: /home/spaaaaace/Code/ArUco/build/ArUco
[0.447s] [ 33%] [32mBuilding CXX object CMakeFiles/ArUco.dir/src/kalman.cpp.o[0m
[1.367s] [ 66%] [32m[1mLinking CXX executable ArUco[0m
[1.510s] /usr/bin/ld: warning: libopencv_imgproc.so.4.5d, needed by /opt/ros/humble/lib/libcv_bridge.so, may conflict with libopencv_imgproc.so.410
[1.510s] /usr/bin/ld: warning: libopencv_core.so.4.5d, needed by /opt/ros/humble/lib/libcv_bridge.so, may conflict with libopencv_core.so.410
[1.755s] /usr/bin/ld: CMakeFiles/ArUco.dir/src/ArUco.cpp.o: in function `ArucoDetect::ArucoDetect()':
[1.755s] ArUco.cpp:(.text._ZN11ArucoDetectC2Ev[_ZN11ArucoDetectC5Ev]+0x3d0): undefined reference to `EKF::EKF()'
[1.793s] collect2: error: ld returned 1 exit status
[1.795s] gmake[2]: *** [CMakeFiles/ArUco.dir/build.make:237ï¼šArUco] é”™è¯¯ 1
[1.795s] gmake[1]: *** [CMakeFiles/Makefile2:137ï¼šCMakeFiles/ArUco.dir/all] é”™è¯¯ 2
[1.795s] gmake: *** [Makefile:146ï¼šall] é”™è¯¯ 2
[1.797s] Invoked command in '/home/spaaaaace/Code/ArUco/build/ArUco' returned '2': CMAKE_PREFIX_PATH=${CMAKE_PREFIX_PATH}:/opt/ros/humble /usr/local/bin/cmake --build /home/spaaaaace/Code/ArUco/build/ArUco -- -j22 -l22
