[ 50%] [32mBuilding CXX object CMakeFiles/ArUco.dir/src/ArUco.cpp.o[0m
[01m[K/home/spaaaaace/Code/ArUco/src/aruco/src/ArUco.cpp:[m[K In function â€˜[01m[Kvoid draw_aruco_target(std::vector<int>, std::vector<std::vector<cv::Point_<float> > >, cv::Mat&)[m[Kâ€™:
[01m[K/home/spaaaaace/Code/ArUco/src/aruco/src/ArUco.cpp:27:27:[m[K [01;35m[Kwarning: [m[Kcomparison of integer expressions of different signedness: â€˜[01m[Kint[m[Kâ€™ and â€˜[01m[Kstd::vector<std::vector<cv::Point_<float> > >::size_type[m[Kâ€™ {aka â€˜[01m[Klong unsigned int[m[Kâ€™} [[01;35m[K]8;;https://gcc.gnu.org/onlinedocs/gcc/Warning-Options.html#index-Wsign-compare-Wsign-compare]8;;[m[K]
   27 |         for (int i = 0; [01;35m[Ki < markerCorners.size()[m[K; i++) {
      |                         [01;35m[K~~^~~~~~~~~~~~~~~~~~~~~~[m[K
[01m[K/home/spaaaaace/Code/ArUco/src/aruco/src/ArUco.cpp:31:35:[m[K [01;35m[Kwarning: [m[Kcomparison of integer expressions of different signedness: â€˜[01m[Kint[m[Kâ€™ and â€˜[01m[Kstd::vector<cv::Point_<float> >::size_type[m[Kâ€™ {aka â€˜[01m[Klong unsigned int[m[Kâ€™} [[01;35m[K]8;;https://gcc.gnu.org/onlinedocs/gcc/Warning-Options.html#index-Wsign-compare-Wsign-compare]8;;[m[K]
   31 |                 for (int j = 0; [01;35m[Kj < markerCorners[i].size()[m[K; j++) {
      |                                 [01;35m[K~~^~~~~~~~~~~~~~~~~~~~~~~~~[m[K
[01m[K/home/spaaaaace/Code/ArUco/src/aruco/src/ArUco.cpp:[m[K In function â€˜[01m[Kbool solve_pnp(cv::Mat, cv::Mat, std::vector<cv::Point3_<float> >, const std::vector<std::vector<cv::Point_<float> > >&, std::vector<cv::Mat>&, std::vector<cv::Mat>&)[m[Kâ€™:
[01m[K/home/spaaaaace/Code/ArUco/src/aruco/src/ArUco.cpp:56:27:[m[K [01;35m[Kwarning: [m[Kcomparison of integer expressions of different signedness: â€˜[01m[Kint[m[Kâ€™ and â€˜[01m[Kstd::vector<std::vector<cv::Point_<float> > >::size_type[m[Kâ€™ {aka â€˜[01m[Klong unsigned int[m[Kâ€™} [[01;35m[K]8;;https://gcc.gnu.org/onlinedocs/gcc/Warning-Options.html#index-Wsign-compare-Wsign-compare]8;;[m[K]
   56 |         for (int i = 0; [01;35m[Ki < markerCorners.size()[m[K; i++) {
      |                         [01;35m[K~~^~~~~~~~~~~~~~~~~~~~~~[m[K
[01m[K/home/spaaaaace/Code/ArUco/src/aruco/src/ArUco.cpp:[m[K In member function â€˜[01m[Kvoid ArucoDetect::imageCallback(sensor_msgs::msg::Image_<std::allocator<void> >::SharedPtr)[m[Kâ€™:
[01m[K/home/spaaaaace/Code/ArUco/src/aruco/src/ArUco.cpp:149:51:[m[K [01;35m[Kwarning: [m[Kcomparison of integer expressions of different signedness: â€˜[01m[Kint[m[Kâ€™ and â€˜[01m[Kstd::vector<cv::Mat>::size_type[m[Kâ€™ {aka â€˜[01m[Klong unsigned int[m[Kâ€™} [[01;35m[K]8;;https://gcc.gnu.org/onlinedocs/gcc/Warning-Options.html#index-Wsign-compare-Wsign-compare]8;;[m[K]
  149 |                                 for (int i = 0; [01;35m[Ki < rvec.size()[m[K; i++) {
      |                                                 [01;35m[K~~^~~~~~~~~~~~~[m[K
[01m[K/home/spaaaaace/Code/ArUco/src/aruco/src/ArUco.cpp:160:56:[m[K [01;31m[Kerror: [m[Kâ€˜[01m[KMat_[m[Kâ€™ was not declared in this scope; did you mean â€˜[01m[Kcv::Mat_[m[Kâ€™?
  160 |                                 kf.transitionMatrix = ([01;31m[KMat_[m[K<float>(6, 6) <<
      |                                                        [01;31m[K^~~~[m[K
      |                                                        [32m[Kcv::Mat_[m[K
In file included from [01m[K/usr/local/include/opencv4/opencv2/core.hpp:53[m[K,
                 from [01m[K/usr/local/include/opencv4/opencv2/core/core.hpp:48[m[K,
                 from [01m[K/opt/ros/humble/include/cv_bridge/cv_bridge/cv_bridge.h:43[m[K,
                 from [01m[K/home/spaaaaace/Code/ArUco/src/aruco/src/ArUco.cpp:3[m[K:
[01m[K/usr/local/include/opencv4/opencv2/core/base.hpp:598:30:[m[K [01;36m[Knote: [m[Kâ€˜[01m[Kcv::Mat_[m[Kâ€™ declared here
  598 | template<typename _Tp> class [01;36m[KMat_[m[K;
      |                              [01;36m[K^~~~[m[K
[01m[K/home/spaaaaace/Code/ArUco/src/aruco/src/ArUco.cpp:160:61:[m[K [01;31m[Kerror: [m[Kexpected primary-expression before â€˜[01m[Kfloat[m[Kâ€™
  160 |                                 kf.transitionMatrix = (Mat_<[01;31m[Kfloat[m[K>(6, 6) <<
      |                                                             [01;31m[K^~~~~[m[K
[01m[K/home/spaaaaace/Code/ArUco/src/aruco/src/ArUco.cpp:160:61:[m[K [01;31m[Kerror: [m[Kexpected â€˜[01m[K)[m[Kâ€™ before â€˜[01m[Kfloat[m[Kâ€™
[01m[K/home/spaaaaace/Code/ArUco/src/aruco/src/ArUco.cpp:160:55:[m[K [01;36m[Knote: [m[Kto match this â€˜[01m[K([m[Kâ€™
  160 |                                 kf.transitionMatrix = [01;36m[K([m[KMat_<float>(6, 6) <<
      |                                                       [01;36m[K^[m[K
[01m[K/home/spaaaaace/Code/ArUco/src/aruco/src/ArUco.cpp:168:64:[m[K [01;31m[Kerror: [m[Kâ€˜[01m[KMat[m[Kâ€™ has not been declared
  168 |                                         kf.measurementMatrix = [01;31m[KMat[m[K::zeros(3, 6, CV_32F);
      |                                                                [01;31m[K^~~[m[K
[01m[K/home/spaaaaace/Code/ArUco/src/aruco/src/ArUco.cpp:173:73:[m[K [01;31m[Kerror: [m[Kâ€˜[01m[KScalar[m[Kâ€™ has not been declared
  173 |                                         setIdentity(kf.processNoiseCov, [01;31m[KScalar[m[K::all(1e-3));    // Q
      |                                                                         [01;31m[K^~~~~~[m[K
[01m[K/home/spaaaaace/Code/ArUco/src/aruco/src/ArUco.cpp:174:69:[m[K [01;31m[Kerror: [m[Kâ€˜[01m[KScalar[m[Kâ€™ has not been declared
  174 |                                 setIdentity(kf.measurementNoiseCov, [01;31m[KScalar[m[K::all(1e-2)); // R
      |                                                                     [01;31m[K^~~~~~[m[K
[01m[K/home/spaaaaace/Code/ArUco/src/aruco/src/ArUco.cpp:175:62:[m[K [01;31m[Kerror: [m[Kâ€˜[01m[KScalar[m[Kâ€™ has not been declared
  175 |                                 setIdentity(kf.errorCovPost, [01;31m[KScalar[m[K::all(1));          // P
      |                                                              [01;31m[K^~~~~~[m[K
[01m[K/home/spaaaaace/Code/ArUco/src/aruco/src/ArUco.cpp:177:54:[m[K [01;31m[Kerror: [m[Kâ€˜[01m[KScalar[m[Kâ€™ has not been declared
  177 |                                         randn(state, [01;31m[KScalar[m[K::all(0), Scalar::all(0.1)); // å°éšæœºå€¼
      |                                                      [01;31m[K^~~~~~[m[K
[01m[K/home/spaaaaace/Code/ArUco/src/aruco/src/ArUco.cpp:177:70:[m[K [01;31m[Kerror: [m[Kâ€˜[01m[KScalar[m[Kâ€™ has not been declared
  177 |                                         randn(state, Scalar::all(0), [01;31m[KScalar[m[K::all(0.1)); // å°éšæœºå€¼
      |                                                                      [01;31m[K^~~~~~[m[K
[01m[K/home/spaaaaace/Code/ArUco/src/aruco/src/ArUco.cpp:190:53:[m[K [01;31m[Kerror: [m[Kâ€˜[01m[KnoisyMeas[m[Kâ€™ was not declared in this scope
  190 |                                 meas.at<float>(0) = [01;31m[KnoisyMeas[m[K.x;
      |                                                     [01;31m[K^~~~~~~~~[m[K
[01m[K/home/spaaaaace/Code/ArUco/src/aruco/src/ArUco.cpp:159:47:[m[K [01;35m[Kwarning: [m[Kunused variable â€˜[01m[Kdt[m[Kâ€™ [[01;35m[K]8;;https://gcc.gnu.org/onlinedocs/gcc/Warning-Options.html#index-Wunused-variable-Wunused-variable]8;;[m[K]
  159 |                                         float [01;35m[Kdt[m[K = 1.0; // æ—¶é—´æ­¥é•¿
      |                                               [01;35m[K^~[m[K
gmake[2]: *** [CMakeFiles/ArUco.dir/build.make:76ï¼šCMakeFiles/ArUco.dir/src/ArUco.cpp.o] é”™è¯¯ 1
gmake[1]: *** [CMakeFiles/Makefile2:137ï¼šCMakeFiles/ArUco.dir/all] é”™è¯¯ 2
gmake: *** [Makefile:146ï¼šall] é”™è¯¯ 2
