[0.010s] Invoking command in '/home/spaaaaace/Code/ArUco/build/ArUco': CMAKE_PREFIX_PATH=${CMAKE_PREFIX_PATH}:/opt/ros/humble CONDA_PROMPT_MODIFIER=(vision) /usr/local/bin/cmake --build /home/spaaaaace/Code/ArUco/build/ArUco -- -j22 -l22
[0.036s] [ 50%] [32mBuilding CXX object CMakeFiles/ArUco.dir/src/ArUco.cpp.o[0m
[1.984s] [01m[K/home/spaaaaace/Code/ArUco/src/aruco/src/ArUco.cpp:[m[K In function â€˜[01m[Kvoid draw_aruco_target(std::vector<int>, std::vector<std::vector<cv::Point_<float> > >, cv::Mat&)[m[Kâ€™:
[1.985s] [01m[K/home/spaaaaace/Code/ArUco/src/aruco/src/ArUco.cpp:24:27:[m[K [01;35m[Kwarning: [m[Kcomparison of integer expressions of different signedness: â€˜[01m[Kint[m[Kâ€™ and â€˜[01m[Kstd::vector<std::vector<cv::Point_<float> > >::size_type[m[Kâ€™ {aka â€˜[01m[Klong unsigned int[m[Kâ€™} [[01;35m[K]8;;https://gcc.gnu.org/onlinedocs/gcc/Warning-Options.html#index-Wsign-compare-Wsign-compare]8;;[m[K]
[1.985s]    24 |         for (int i = 0; [01;35m[Ki < markerCorners.size()[m[K; i++) {
[1.985s]       |                         [01;35m[K~~^~~~~~~~~~~~~~~~~~~~~~[m[K
[1.986s] [01m[K/home/spaaaaace/Code/ArUco/src/aruco/src/ArUco.cpp:28:35:[m[K [01;35m[Kwarning: [m[Kcomparison of integer expressions of different signedness: â€˜[01m[Kint[m[Kâ€™ and â€˜[01m[Kstd::vector<cv::Point_<float> >::size_type[m[Kâ€™ {aka â€˜[01m[Klong unsigned int[m[Kâ€™} [[01;35m[K]8;;https://gcc.gnu.org/onlinedocs/gcc/Warning-Options.html#index-Wsign-compare-Wsign-compare]8;;[m[K]
[1.986s]    28 |                 for (int j = 0; [01;35m[Kj < markerCorners[i].size()[m[K; j++) {
[1.986s]       |                                 [01;35m[K~~^~~~~~~~~~~~~~~~~~~~~~~~~[m[K
[1.987s] [01m[K/home/spaaaaace/Code/ArUco/src/aruco/src/ArUco.cpp:[m[K In function â€˜[01m[Kbool solve_pnp(cv::Mat, cv::Mat, std::vector<cv::Point3_<float> >, const std::vector<std::vector<cv::Point_<float> > >&, std::vector<cv::Mat>&, std::vector<cv::Mat>&)[m[Kâ€™:
[1.987s] [01m[K/home/spaaaaace/Code/ArUco/src/aruco/src/ArUco.cpp:53:27:[m[K [01;35m[Kwarning: [m[Kcomparison of integer expressions of different signedness: â€˜[01m[Kint[m[Kâ€™ and â€˜[01m[Kstd::vector<std::vector<cv::Point_<float> > >::size_type[m[Kâ€™ {aka â€˜[01m[Klong unsigned int[m[Kâ€™} [[01;35m[K]8;;https://gcc.gnu.org/onlinedocs/gcc/Warning-Options.html#index-Wsign-compare-Wsign-compare]8;;[m[K]
[1.987s]    53 |         for (int i = 0; [01;35m[Ki < markerCorners.size()[m[K; i++) {
[1.988s]       |                         [01;35m[K~~^~~~~~~~~~~~~~~~~~~~~~[m[K
[2.027s] [01m[K/home/spaaaaace/Code/ArUco/src/aruco/src/ArUco.cpp:[m[K In constructor â€˜[01m[KArucoDetect::ArucoDetect()[m[Kâ€™:
[2.027s] [01m[K/home/spaaaaace/Code/ArUco/src/aruco/src/ArUco.cpp:70:17:[m[K [01;31m[Kerror: [m[Kâ€˜[01m[Ktf_broadcaster_[m[Kâ€™ was not declared in this scope
[2.027s]    70 |                 [01;31m[Ktf_broadcaster_[m[K = std::make_shared<tf2_ros::TransformBroadcaster>(this);
[2.027s]       |                 [01;31m[K^~~~~~~~~~~~~~~[m[K
[2.039s] [01m[K/home/spaaaaace/Code/ArUco/src/aruco/src/ArUco.cpp:[m[K In member function â€˜[01m[Kvoid ArucoDetect::imageCallback(sensor_msgs::msg::Image_<std::allocator<void> >::SharedPtr)[m[Kâ€™:
[2.039s] [01m[K/home/spaaaaace/Code/ArUco/src/aruco/src/ArUco.cpp:146:51:[m[K [01;35m[Kwarning: [m[Kcomparison of integer expressions of different signedness: â€˜[01m[Kint[m[Kâ€™ and â€˜[01m[Kstd::vector<cv::Mat>::size_type[m[Kâ€™ {aka â€˜[01m[Klong unsigned int[m[Kâ€™} [[01;35m[K]8;;https://gcc.gnu.org/onlinedocs/gcc/Warning-Options.html#index-Wsign-compare-Wsign-compare]8;;[m[K]
[2.039s]   146 |                                 for (int i = 0; [01;35m[Ki < rvec.size()[m[K; i++) {
[2.039s]       |                                                 [01;35m[K~~^~~~~~~~~~~~~[m[K
[2.041s] [01m[K/home/spaaaaace/Code/ArUco/src/aruco/src/ArUco.cpp:[m[K In member function â€˜[01m[Kvoid ArucoDetect::broadcast_camera_pose(const cv::Mat&, const cv::Mat&)[m[Kâ€™:
[2.041s] [01m[K/home/spaaaaace/Code/ArUco/src/aruco/src/ArUco.cpp:178:22:[m[K [01;31m[Kerror: [m[Kâ€˜[01m[KMatrix3x3[m[Kâ€™ is not a member of â€˜[01m[Ktf2[m[Kâ€™
[2.041s]   178 |                 tf2::[01;31m[KMatrix3x3[m[K tf_r(
[2.042s]       |                      [01;31m[K^~~~~~~~~[m[K
[2.046s] [01m[K/home/spaaaaace/Code/ArUco/src/aruco/src/ArUco.cpp:185:17:[m[K [01;31m[Kerror: [m[Kâ€˜[01m[Ktf_r[m[Kâ€™ was not declared in this scope
[2.046s]   185 |                 [01;31m[Ktf_r[m[K.getRotation(q);
[2.046s]       |                 [01;31m[K^~~~[m[K
[2.054s] [01m[K/home/spaaaaace/Code/ArUco/src/aruco/src/ArUco.cpp:193:9:[m[K [01;31m[Kerror: [m[Kâ€˜[01m[Ktf_broadcaster_[m[Kâ€™ was not declared in this scope
[2.054s]   193 |         [01;31m[Ktf_broadcaster_[m[K->sendTransform(transform_stamped);
[2.054s]       |         [01;31m[K^~~~~~~~~~~~~~~[m[K
[3.784s] [01m[K/home/spaaaaace/Code/ArUco/src/aruco/src/ArUco.cpp:[m[K In function â€˜[01m[Kbool solve_pnp(cv::Mat, cv::Mat, std::vector<cv::Point3_<float> >, const std::vector<std::vector<cv::Point_<float> > >&, std::vector<cv::Mat>&, std::vector<cv::Mat>&)[m[Kâ€™:
[3.784s] [01m[K/home/spaaaaace/Code/ArUco/src/aruco/src/ArUco.cpp:63:1:[m[K [01;35m[Kwarning: [m[Kcontrol reaches end of non-void function [[01;35m[K]8;;https://gcc.gnu.org/onlinedocs/gcc/Warning-Options.html#index-Wreturn-type-Wreturn-type]8;;[m[K]
[3.784s]    63 | [01;35m[K}[m[K
[3.784s]       | [01;35m[K^[m[K
[3.952s] gmake[2]: *** [CMakeFiles/ArUco.dir/build.make:76ï¼šCMakeFiles/ArUco.dir/src/ArUco.cpp.o] é”™è¯¯ 1
[3.952s] gmake[1]: *** [CMakeFiles/Makefile2:137ï¼šCMakeFiles/ArUco.dir/all] é”™è¯¯ 2
[3.952s] gmake: *** [Makefile:146ï¼šall] é”™è¯¯ 2
[3.954s] Invoked command in '/home/spaaaaace/Code/ArUco/build/ArUco' returned '2': CMAKE_PREFIX_PATH=${CMAKE_PREFIX_PATH}:/opt/ros/humble CONDA_PROMPT_MODIFIER=(vision) /usr/local/bin/cmake --build /home/spaaaaace/Code/ArUco/build/ArUco -- -j22 -l22
